{"/home/balves/IdeaProjects/extract/extract/src/main/resources/static/js/connectorDetails.js": {"path":"/home/balves/IdeaProjects/extract/extract/src/main/resources/static/js/connectorDetails.js","statementMap":{"0":{"start":{"line":11,"column":18},"end":{"line":11,"column":25}},"1":{"start":{"line":12,"column":15},"end":{"line":12,"column":35}},"2":{"start":{"line":13,"column":4},"end":{"line":13,"column":45}},"3":{"start":{"line":14,"column":4},"end":{"line":14,"column":33}},"4":{"start":{"line":29,"column":4},"end":{"line":31,"column":5}},"5":{"start":{"line":30,"column":8},"end":{"line":30,"column":15}},"6":{"start":{"line":33,"column":22},"end":{"line":33,"column":55}},"7":{"start":{"line":34,"column":29},"end":{"line":34,"column":66}},"8":{"start":{"line":35,"column":28},"end":{"line":35,"column":62}},"9":{"start":{"line":36,"column":4},"end":{"line":37,"column":30}},"10":{"start":{"line":37,"column":8},"end":{"line":37,"column":30}},"11":{"start":{"line":38,"column":18},"end":{"line":38,"column":67}},"12":{"start":{"line":39,"column":28},"end":{"line":48,"column":5}},"13":{"start":{"line":40,"column":8},"end":{"line":40,"column":45}},"14":{"start":{"line":41,"column":8},"end":{"line":45,"column":11}},"15":{"start":{"line":42,"column":12},"end":{"line":42,"column":22}},"16":{"start":{"line":43,"column":12},"end":{"line":43,"column":52}},"17":{"start":{"line":44,"column":12},"end":{"line":44,"column":55}},"18":{"start":{"line":46,"column":8},"end":{"line":46,"column":82}},"19":{"start":{"line":47,"column":8},"end":{"line":47,"column":37}},"20":{"start":{"line":49,"column":4},"end":{"line":49,"column":121}},"21":{"start":{"line":55,"column":23},"end":{"line":55,"column":45}},"22":{"start":{"line":56,"column":20},"end":{"line":56,"column":41}},"23":{"start":{"line":58,"column":4},"end":{"line":61,"column":7}},"24":{"start":{"line":60,"column":8},"end":{"line":60,"column":114}},"25":{"start":{"line":63,"column":4},"end":{"line":63,"column":35}},"26":{"start":{"line":68,"column":0},"end":{"line":152,"column":3}},"27":{"start":{"line":69,"column":4},"end":{"line":81,"column":7}},"28":{"start":{"line":70,"column":22},"end":{"line":70,"column":29}},"29":{"start":{"line":71,"column":17},"end":{"line":71,"column":74}},"30":{"start":{"line":73,"column":8},"end":{"line":75,"column":9}},"31":{"start":{"line":74,"column":12},"end":{"line":74,"column":19}},"32":{"start":{"line":77,"column":17},"end":{"line":77,"column":38}},"33":{"start":{"line":78,"column":19},"end":{"line":78,"column":63}},"34":{"start":{"line":80,"column":8},"end":{"line":80,"column":33}},"35":{"start":{"line":83,"column":4},"end":{"line":87,"column":7}},"36":{"start":{"line":84,"column":24},"end":{"line":84,"column":55}},"37":{"start":{"line":85,"column":21},"end":{"line":85,"column":83}},"38":{"start":{"line":86,"column":8},"end":{"line":86,"column":30}},"39":{"start":{"line":89,"column":4},"end":{"line":109,"column":7}},"40":{"start":{"line":92,"column":12},"end":{"line":92,"column":24}},"41":{"start":{"line":95,"column":29},"end":{"line":95,"column":42}},"42":{"start":{"line":96,"column":26},"end":{"line":96,"column":36}},"43":{"start":{"line":97,"column":12},"end":{"line":99,"column":15}},"44":{"start":{"line":98,"column":16},"end":{"line":98,"column":59}},"45":{"start":{"line":100,"column":12},"end":{"line":100,"column":27}},"46":{"start":{"line":103,"column":37},"end":{"line":103,"column":77}},"47":{"start":{"line":104,"column":12},"end":{"line":106,"column":14}},"48":{"start":{"line":105,"column":16},"end":{"line":105,"column":35}},"49":{"start":{"line":107,"column":12},"end":{"line":107,"column":53}},"50":{"start":{"line":111,"column":23},"end":{"line":111,"column":75}},"51":{"start":{"line":112,"column":4},"end":{"line":112,"column":63}},"52":{"start":{"line":115,"column":25},"end":{"line":115,"column":75}},"53":{"start":{"line":117,"column":4},"end":{"line":132,"column":8}},"54":{"start":{"line":117,"column":44},"end":{"line":132,"column":6}},"55":{"start":{"line":123,"column":26},"end":{"line":123,"column":72}},"56":{"start":{"line":124,"column":30},"end":{"line":124,"column":77}},"57":{"start":{"line":125,"column":12},"end":{"line":125,"column":68}},"58":{"start":{"line":128,"column":26},"end":{"line":128,"column":72}},"59":{"start":{"line":129,"column":28},"end":{"line":129,"column":72}},"60":{"start":{"line":130,"column":12},"end":{"line":130,"column":63}},"61":{"start":{"line":134,"column":4},"end":{"line":146,"column":7}},"62":{"start":{"line":135,"column":8},"end":{"line":145,"column":11}},"63":{"start":{"line":136,"column":12},"end":{"line":136,"column":33}},"64":{"start":{"line":137,"column":12},"end":{"line":137,"column":34}},"65":{"start":{"line":138,"column":30},"end":{"line":138,"column":73}},"66":{"start":{"line":139,"column":37},"end":{"line":139,"column":93}},"67":{"start":{"line":140,"column":12},"end":{"line":140,"column":55}},"68":{"start":{"line":142,"column":12},"end":{"line":144,"column":13}},"69":{"start":{"line":143,"column":16},"end":{"line":143,"column":33}},"70":{"start":{"line":149,"column":3},"end":{"line":151,"column":6}},"71":{"start":{"line":150,"column":7},"end":{"line":150,"column":50}},"72":{"start":{"line":160,"column":4},"end":{"line":160,"column":33}}},"fnMap":{"0":{"name":"addRule","decl":{"start":{"line":10,"column":9},"end":{"line":10,"column":16}},"loc":{"start":{"line":10,"column":19},"end":{"line":16,"column":1}},"line":10},"1":{"name":"deleteRule","decl":{"start":{"line":27,"column":9},"end":{"line":27,"column":19}},"loc":{"start":{"line":27,"column":34},"end":{"line":50,"column":1}},"line":27},"2":{"name":"(anonymous_2)","decl":{"start":{"line":39,"column":28},"end":{"line":39,"column":29}},"loc":{"start":{"line":39,"column":39},"end":{"line":48,"column":5}},"line":39},"3":{"name":"(anonymous_3)","decl":{"start":{"line":41,"column":24},"end":{"line":41,"column":25}},"loc":{"start":{"line":41,"column":34},"end":{"line":45,"column":9}},"line":41},"4":{"name":"sortRules","decl":{"start":{"line":54,"column":9},"end":{"line":54,"column":18}},"loc":{"start":{"line":54,"column":21},"end":{"line":64,"column":1}},"line":54},"5":{"name":"(anonymous_5)","decl":{"start":{"line":58,"column":19},"end":{"line":58,"column":20}},"loc":{"start":{"line":58,"column":34},"end":{"line":61,"column":5}},"line":58},"6":{"name":"(anonymous_6)","decl":{"start":{"line":68,"column":2},"end":{"line":68,"column":3}},"loc":{"start":{"line":68,"column":13},"end":{"line":152,"column":1}},"line":68},"7":{"name":"(anonymous_7)","decl":{"start":{"line":69,"column":36},"end":{"line":69,"column":37}},"loc":{"start":{"line":69,"column":47},"end":{"line":81,"column":5}},"line":69},"8":{"name":"(anonymous_8)","decl":{"start":{"line":83,"column":42},"end":{"line":83,"column":43}},"loc":{"start":{"line":83,"column":53},"end":{"line":87,"column":5}},"line":83},"9":{"name":"(anonymous_9)","decl":{"start":{"line":91,"column":17},"end":{"line":91,"column":18}},"loc":{"start":{"line":91,"column":37},"end":{"line":93,"column":9}},"line":91},"10":{"name":"(anonymous_10)","decl":{"start":{"line":94,"column":16},"end":{"line":94,"column":17}},"loc":{"start":{"line":94,"column":32},"end":{"line":101,"column":9}},"line":94},"11":{"name":"(anonymous_11)","decl":{"start":{"line":97,"column":36},"end":{"line":97,"column":37}},"loc":{"start":{"line":97,"column":52},"end":{"line":99,"column":13}},"line":97},"12":{"name":"(anonymous_12)","decl":{"start":{"line":102,"column":15},"end":{"line":102,"column":16}},"loc":{"start":{"line":102,"column":31},"end":{"line":108,"column":9}},"line":102},"13":{"name":"(anonymous_13)","decl":{"start":{"line":104,"column":51},"end":{"line":104,"column":52}},"loc":{"start":{"line":104,"column":63},"end":{"line":106,"column":13}},"line":104},"14":{"name":"(anonymous_14)","decl":{"start":{"line":117,"column":26},"end":{"line":117,"column":27}},"loc":{"start":{"line":117,"column":44},"end":{"line":132,"column":6}},"line":117},"15":{"name":"(anonymous_15)","decl":{"start":{"line":122,"column":15},"end":{"line":122,"column":16}},"loc":{"start":{"line":122,"column":41},"end":{"line":126,"column":9}},"line":122},"16":{"name":"(anonymous_16)","decl":{"start":{"line":127,"column":17},"end":{"line":127,"column":18}},"loc":{"start":{"line":127,"column":43},"end":{"line":131,"column":9}},"line":127},"17":{"name":"(anonymous_17)","decl":{"start":{"line":134,"column":25},"end":{"line":134,"column":26}},"loc":{"start":{"line":134,"column":43},"end":{"line":146,"column":5}},"line":134},"18":{"name":"(anonymous_18)","decl":{"start":{"line":135,"column":38},"end":{"line":135,"column":39}},"loc":{"start":{"line":135,"column":53},"end":{"line":145,"column":9}},"line":135},"19":{"name":"(anonymous_19)","decl":{"start":{"line":149,"column":54},"end":{"line":149,"column":55}},"loc":{"start":{"line":149,"column":65},"end":{"line":151,"column":4}},"line":149},"20":{"name":"submitConnectorData","decl":{"start":{"line":159,"column":9},"end":{"line":159,"column":28}},"loc":{"start":{"line":159,"column":31},"end":{"line":161,"column":1}},"line":159}},"branchMap":{"0":{"loc":{"start":{"line":29,"column":4},"end":{"line":31,"column":5}},"type":"if","locations":[{"start":{"line":29,"column":4},"end":{"line":31,"column":5}},{"start":{},"end":{}}],"line":29},"1":{"loc":{"start":{"line":29,"column":8},"end":{"line":29,"column":29}},"type":"binary-expr","locations":[{"start":{"line":29,"column":8},"end":{"line":29,"column":19}},{"start":{"line":29,"column":23},"end":{"line":29,"column":29}}],"line":29},"2":{"loc":{"start":{"line":36,"column":4},"end":{"line":37,"column":30}},"type":"if","locations":[{"start":{"line":36,"column":4},"end":{"line":37,"column":30}},{"start":{},"end":{}}],"line":36},"3":{"loc":{"start":{"line":60,"column":15},"end":{"line":60,"column":113}},"type":"cond-expr","locations":[{"start":{"line":60,"column":107},"end":{"line":60,"column":108}},{"start":{"line":60,"column":111},"end":{"line":60,"column":113}}],"line":60},"4":{"loc":{"start":{"line":73,"column":8},"end":{"line":75,"column":9}},"type":"if","locations":[{"start":{"line":73,"column":8},"end":{"line":75,"column":9}},{"start":{},"end":{}}],"line":73},"5":{"loc":{"start":{"line":142,"column":12},"end":{"line":144,"column":13}},"type":"if","locations":[{"start":{"line":142,"column":12},"end":{"line":144,"column":13}},{"start":{},"end":{}}],"line":142}},"s":{"0":0,"1":0,"2":0,"3":0,"4":0,"5":0,"6":0,"7":0,"8":0,"9":0,"10":0,"11":0,"12":0,"13":0,"14":0,"15":0,"16":0,"17":0,"18":0,"19":0,"20":0,"21":0,"22":0,"23":0,"24":0,"25":0,"26":0,"27":0,"28":0,"29":0,"30":0,"31":0,"32":0,"33":0,"34":0,"35":0,"36":0,"37":0,"38":0,"39":0,"40":0,"41":0,"42":0,"43":0,"44":0,"45":0,"46":0,"47":0,"48":0,"49":0,"50":0,"51":0,"52":0,"53":0,"54":0,"55":0,"56":0,"57":0,"58":0,"59":0,"60":0,"61":0,"62":0,"63":0,"64":0,"65":0,"66":0,"67":0,"68":0,"69":0,"70":0,"71":0,"72":0},"f":{"0":0,"1":0,"2":0,"3":0,"4":0,"5":0,"6":0,"7":0,"8":0,"9":0,"10":0,"11":0,"12":0,"13":0,"14":0,"15":0,"16":0,"17":0,"18":0,"19":0,"20":0},"b":{"0":[0,0],"1":[0,0],"2":[0,0],"3":[0,0],"4":[0,0],"5":[0,0]}}
,"/home/balves/IdeaProjects/extract/extract/src/main/resources/static/js/connectorsList.js": {"path":"/home/balves/IdeaProjects/extract/extract/src/main/resources/static/js/connectorsList.js","statementMap":{"0":{"start":{"line":9,"column":4},"end":{"line":11,"column":5}},"1":{"start":{"line":10,"column":8},"end":{"line":10,"column":15}},"2":{"start":{"line":13,"column":29},"end":{"line":13,"column":71}},"3":{"start":{"line":14,"column":28},"end":{"line":14,"column":62}},"4":{"start":{"line":15,"column":18},"end":{"line":15,"column":67}},"5":{"start":{"line":16,"column":28},"end":{"line":20,"column":5}},"6":{"start":{"line":17,"column":8},"end":{"line":17,"column":34}},"7":{"start":{"line":18,"column":8},"end":{"line":18,"column":38}},"8":{"start":{"line":19,"column":8},"end":{"line":19,"column":37}},"9":{"start":{"line":21,"column":4},"end":{"line":22,"column":34}},"10":{"start":{"line":28,"column":0},"end":{"line":45,"column":3}},"11":{"start":{"line":29,"column":4},"end":{"line":44,"column":7}},"12":{"start":{"line":30,"column":22},"end":{"line":30,"column":29}},"13":{"start":{"line":31,"column":17},"end":{"line":31,"column":74}},"14":{"start":{"line":33,"column":8},"end":{"line":35,"column":9}},"15":{"start":{"line":34,"column":12},"end":{"line":34,"column":19}},"16":{"start":{"line":37,"column":19},"end":{"line":37,"column":71}},"17":{"start":{"line":39,"column":8},"end":{"line":41,"column":9}},"18":{"start":{"line":40,"column":12},"end":{"line":40,"column":19}},"19":{"start":{"line":43,"column":8},"end":{"line":43,"column":34}}},"fnMap":{"0":{"name":"deleteConnector","decl":{"start":{"line":7,"column":9},"end":{"line":7,"column":24}},"loc":{"start":{"line":7,"column":35},"end":{"line":23,"column":1}},"line":7},"1":{"name":"(anonymous_1)","decl":{"start":{"line":16,"column":28},"end":{"line":16,"column":29}},"loc":{"start":{"line":16,"column":39},"end":{"line":20,"column":5}},"line":16},"2":{"name":"(anonymous_2)","decl":{"start":{"line":28,"column":2},"end":{"line":28,"column":3}},"loc":{"start":{"line":28,"column":13},"end":{"line":45,"column":1}},"line":28},"3":{"name":"(anonymous_3)","decl":{"start":{"line":29,"column":36},"end":{"line":29,"column":37}},"loc":{"start":{"line":29,"column":47},"end":{"line":44,"column":5}},"line":29}},"branchMap":{"0":{"loc":{"start":{"line":9,"column":4},"end":{"line":11,"column":5}},"type":"if","locations":[{"start":{"line":9,"column":4},"end":{"line":11,"column":5}},{"start":{},"end":{}}],"line":9},"1":{"loc":{"start":{"line":9,"column":8},"end":{"line":9,"column":44}},"type":"binary-expr","locations":[{"start":{"line":9,"column":8},"end":{"line":9,"column":11}},{"start":{"line":9,"column":15},"end":{"line":9,"column":24}},{"start":{"line":9,"column":28},"end":{"line":9,"column":35}},{"start":{"line":9,"column":39},"end":{"line":9,"column":44}}],"line":9},"2":{"loc":{"start":{"line":33,"column":8},"end":{"line":35,"column":9}},"type":"if","locations":[{"start":{"line":33,"column":8},"end":{"line":35,"column":9}},{"start":{},"end":{}}],"line":33},"3":{"loc":{"start":{"line":39,"column":8},"end":{"line":41,"column":9}},"type":"if","locations":[{"start":{"line":39,"column":8},"end":{"line":41,"column":9}},{"start":{},"end":{}}],"line":39}},"s":{"0":0,"1":0,"2":0,"3":0,"4":0,"5":0,"6":0,"7":0,"8":0,"9":0,"10":0,"11":0,"12":0,"13":0,"14":0,"15":0,"16":0,"17":0,"18":0,"19":0},"f":{"0":0,"1":0,"2":0,"3":0},"b":{"0":[0,0],"1":[0,0,0,0],"2":[0,0],"3":[0,0]}}
,"/home/balves/IdeaProjects/extract/extract/src/main/resources/static/js/extract.js": {"path":"/home/balves/IdeaProjects/extract/extract/src/main/resources/static/js/extract.js","statementMap":{"0":{"start":{"line":8,"column":0},"end":{"line":17,"column":3}},"1":{"start":{"line":9,"column":4},"end":{"line":9,"column":43}},"2":{"start":{"line":10,"column":4},"end":{"line":10,"column":51}},"3":{"start":{"line":11,"column":4},"end":{"line":11,"column":48}},"4":{"start":{"line":12,"column":4},"end":{"line":12,"column":48}},"5":{"start":{"line":13,"column":4},"end":{"line":13,"column":48}},"6":{"start":{"line":14,"column":4},"end":{"line":14,"column":49}},"7":{"start":{"line":15,"column":4},"end":{"line":15,"column":51}},"8":{"start":{"line":16,"column":4},"end":{"line":16,"column":51}},"9":{"start":{"line":30,"column":12},"end":{"line":36,"column":3}},"10":{"start":{"line":38,"column":2},"end":{"line":38,"column":66}},"11":{"start":{"line":38,"column":48},"end":{"line":38,"column":62}},"12":{"start":{"line":54,"column":4},"end":{"line":54,"column":74}},"13":{"start":{"line":74,"column":4},"end":{"line":74,"column":92}},"14":{"start":{"line":88,"column":24},"end":{"line":88,"column":44}},"15":{"start":{"line":90,"column":4},"end":{"line":92,"column":5}},"16":{"start":{"line":91,"column":8},"end":{"line":91,"column":15}},"17":{"start":{"line":94,"column":18},"end":{"line":94,"column":53}},"18":{"start":{"line":95,"column":23},"end":{"line":95,"column":78}},"19":{"start":{"line":96,"column":4},"end":{"line":96,"column":52}},"20":{"start":{"line":108,"column":4},"end":{"line":108,"column":30}},"21":{"start":{"line":109,"column":4},"end":{"line":109,"column":29}},"22":{"start":{"line":111,"column":4},"end":{"line":114,"column":5}},"23":{"start":{"line":112,"column":8},"end":{"line":112,"column":80}},"24":{"start":{"line":113,"column":8},"end":{"line":113,"column":72}},"25":{"start":{"line":116,"column":4},"end":{"line":116,"column":41}},"26":{"start":{"line":117,"column":4},"end":{"line":117,"column":37}},"27":{"start":{"line":118,"column":4},"end":{"line":118,"column":35}},"28":{"start":{"line":141,"column":4},"end":{"line":143,"column":5}},"29":{"start":{"line":142,"column":8},"end":{"line":142,"column":15}},"30":{"start":{"line":145,"column":4},"end":{"line":145,"column":33}},"31":{"start":{"line":146,"column":4},"end":{"line":146,"column":34}},"32":{"start":{"line":148,"column":24},"end":{"line":148,"column":47}},"33":{"start":{"line":150,"column":4},"end":{"line":168,"column":5}},"34":{"start":{"line":152,"column":8},"end":{"line":154,"column":9}},"35":{"start":{"line":153,"column":12},"end":{"line":153,"column":44}},"36":{"start":{"line":156,"column":8},"end":{"line":156,"column":29}},"37":{"start":{"line":157,"column":8},"end":{"line":163,"column":11}},"38":{"start":{"line":158,"column":12},"end":{"line":158,"column":30}},"39":{"start":{"line":160,"column":12},"end":{"line":162,"column":13}},"40":{"start":{"line":161,"column":16},"end":{"line":161,"column":33}},"41":{"start":{"line":166,"column":8},"end":{"line":166,"column":29}},"42":{"start":{"line":167,"column":8},"end":{"line":167,"column":35}},"43":{"start":{"line":170,"column":4},"end":{"line":176,"column":7}},"44":{"start":{"line":171,"column":8},"end":{"line":171,"column":26}},"45":{"start":{"line":173,"column":8},"end":{"line":175,"column":9}},"46":{"start":{"line":174,"column":12},"end":{"line":174,"column":25}},"47":{"start":{"line":178,"column":4},"end":{"line":180,"column":5}},"48":{"start":{"line":179,"column":8},"end":{"line":179,"column":42}},"49":{"start":{"line":183,"column":4},"end":{"line":185,"column":7}},"50":{"start":{"line":184,"column":8},"end":{"line":184,"column":35}},"51":{"start":{"line":188,"column":4},"end":{"line":190,"column":14}}},"fnMap":{"0":{"name":"(anonymous_0)","decl":{"start":{"line":8,"column":2},"end":{"line":8,"column":3}},"loc":{"start":{"line":8,"column":13},"end":{"line":17,"column":1}},"line":8},"1":{"name":"escapeStringForHtml","decl":{"start":{"line":29,"column":9},"end":{"line":29,"column":28}},"loc":{"start":{"line":29,"column":35},"end":{"line":39,"column":1}},"line":29},"2":{"name":"(anonymous_2)","decl":{"start":{"line":38,"column":34},"end":{"line":38,"column":35}},"loc":{"start":{"line":38,"column":46},"end":{"line":38,"column":64}},"line":38},"3":{"name":"showAlert","decl":{"start":{"line":53,"column":9},"end":{"line":53,"column":18}},"loc":{"start":{"line":53,"column":54},"end":{"line":55,"column":1}},"line":53},"4":{"name":"showConfirm","decl":{"start":{"line":73,"column":9},"end":{"line":73,"column":20}},"loc":{"start":{"line":73,"column":87},"end":{"line":75,"column":1}},"line":73},"5":{"name":"_centerModal","decl":{"start":{"line":87,"column":9},"end":{"line":87,"column":21}},"loc":{"start":{"line":87,"column":38},"end":{"line":97,"column":1}},"line":87},"6":{"name":"_hideAlertModal","decl":{"start":{"line":107,"column":9},"end":{"line":107,"column":24}},"loc":{"start":{"line":107,"column":27},"end":{"line":119,"column":1}},"line":107},"7":{"name":"_showAlertModal","decl":{"start":{"line":139,"column":9},"end":{"line":139,"column":24}},"loc":{"start":{"line":139,"column":103},"end":{"line":191,"column":1}},"line":139},"8":{"name":"(anonymous_8)","decl":{"start":{"line":157,"column":35},"end":{"line":157,"column":36}},"loc":{"start":{"line":157,"column":46},"end":{"line":163,"column":9}},"line":157},"9":{"name":"(anonymous_9)","decl":{"start":{"line":170,"column":37},"end":{"line":170,"column":38}},"loc":{"start":{"line":170,"column":48},"end":{"line":176,"column":5}},"line":170},"10":{"name":"(anonymous_10)","decl":{"start":{"line":183,"column":43},"end":{"line":183,"column":44}},"loc":{"start":{"line":183,"column":54},"end":{"line":185,"column":5}},"line":183}},"branchMap":{"0":{"loc":{"start":{"line":90,"column":4},"end":{"line":92,"column":5}},"type":"if","locations":[{"start":{"line":90,"column":4},"end":{"line":92,"column":5}},{"start":{},"end":{}}],"line":90},"1":{"loc":{"start":{"line":90,"column":8},"end":{"line":90,"column":62}},"type":"binary-expr","locations":[{"start":{"line":90,"column":8},"end":{"line":90,"column":23}},{"start":{"line":90,"column":27},"end":{"line":90,"column":62}}],"line":90},"2":{"loc":{"start":{"line":111,"column":4},"end":{"line":114,"column":5}},"type":"if","locations":[{"start":{"line":111,"column":4},"end":{"line":114,"column":5}},{"start":{},"end":{}}],"line":111},"3":{"loc":{"start":{"line":141,"column":4},"end":{"line":143,"column":5}},"type":"if","locations":[{"start":{"line":141,"column":4},"end":{"line":143,"column":5}},{"start":{},"end":{}}],"line":141},"4":{"loc":{"start":{"line":141,"column":8},"end":{"line":141,"column":26}},"type":"binary-expr","locations":[{"start":{"line":141,"column":8},"end":{"line":141,"column":14}},{"start":{"line":141,"column":18},"end":{"line":141,"column":26}}],"line":141},"5":{"loc":{"start":{"line":150,"column":4},"end":{"line":168,"column":5}},"type":"if","locations":[{"start":{"line":150,"column":4},"end":{"line":168,"column":5}},{"start":{"line":165,"column":11},"end":{"line":168,"column":5}}],"line":150},"6":{"loc":{"start":{"line":152,"column":8},"end":{"line":154,"column":9}},"type":"if","locations":[{"start":{"line":152,"column":8},"end":{"line":154,"column":9}},{"start":{},"end":{}}],"line":152},"7":{"loc":{"start":{"line":160,"column":12},"end":{"line":162,"column":13}},"type":"if","locations":[{"start":{"line":160,"column":12},"end":{"line":162,"column":13}},{"start":{},"end":{}}],"line":160},"8":{"loc":{"start":{"line":173,"column":8},"end":{"line":175,"column":9}},"type":"if","locations":[{"start":{"line":173,"column":8},"end":{"line":175,"column":9}},{"start":{},"end":{}}],"line":173},"9":{"loc":{"start":{"line":178,"column":4},"end":{"line":180,"column":5}},"type":"if","locations":[{"start":{"line":178,"column":4},"end":{"line":180,"column":5}},{"start":{},"end":{}}],"line":178}},"s":{"0":0,"1":0,"2":0,"3":0,"4":0,"5":0,"6":0,"7":0,"8":0,"9":0,"10":0,"11":0,"12":0,"13":0,"14":0,"15":0,"16":0,"17":0,"18":0,"19":0,"20":0,"21":0,"22":0,"23":0,"24":0,"25":0,"26":0,"27":0,"28":0,"29":0,"30":0,"31":0,"32":0,"33":0,"34":0,"35":0,"36":0,"37":0,"38":0,"39":0,"40":0,"41":0,"42":0,"43":0,"44":0,"45":0,"46":0,"47":0,"48":0,"49":0,"50":0,"51":0},"f":{"0":0,"1":0,"2":0,"3":0,"4":0,"5":0,"6":0,"7":0,"8":0,"9":0,"10":0},"b":{"0":[0,0],"1":[0,0],"2":[0,0],"3":[0,0],"4":[0,0],"5":[0,0],"6":[0,0],"7":[0,0],"8":[0,0],"9":[0,0]}}
,"/home/balves/IdeaProjects/extract/extract/src/main/resources/static/js/parameters.js": {"path":"/home/balves/IdeaProjects/extract/extract/src/main/resources/static/js/parameters.js","statementMap":{"0":{"start":{"line":10,"column":4},"end":{"line":10,"column":92}},"1":{"start":{"line":11,"column":4},"end":{"line":11,"column":34}},"2":{"start":{"line":17,"column":4},"end":{"line":23,"column":7}},"3":{"start":{"line":27,"column":4},"end":{"line":27,"column":62}},"4":{"start":{"line":28,"column":4},"end":{"line":28,"column":34}},"5":{"start":{"line":32,"column":4},"end":{"line":32,"column":62}},"6":{"start":{"line":33,"column":4},"end":{"line":33,"column":34}},"7":{"start":{"line":38,"column":4},"end":{"line":58,"column":5}},"8":{"start":{"line":39,"column":8},"end":{"line":39,"column":25}},"9":{"start":{"line":41,"column":8},"end":{"line":46,"column":9}},"10":{"start":{"line":42,"column":12},"end":{"line":42,"column":32}},"11":{"start":{"line":45,"column":12},"end":{"line":45,"column":32}},"12":{"start":{"line":50,"column":8},"end":{"line":55,"column":9}},"13":{"start":{"line":51,"column":12},"end":{"line":51,"column":32}},"14":{"start":{"line":54,"column":12},"end":{"line":54,"column":32}},"15":{"start":{"line":57,"column":8},"end":{"line":57,"column":25}},"16":{"start":{"line":62,"column":4},"end":{"line":62,"column":47}},"17":{"start":{"line":66,"column":4},"end":{"line":66,"column":44}},"18":{"start":{"line":71,"column":4},"end":{"line":71,"column":47}},"19":{"start":{"line":73,"column":5},"end":{"line":78,"column":6}},"20":{"start":{"line":74,"column":9},"end":{"line":74,"column":29}},"21":{"start":{"line":77,"column":9},"end":{"line":77,"column":29}},"22":{"start":{"line":83,"column":4},"end":{"line":83,"column":50}},"23":{"start":{"line":87,"column":4},"end":{"line":87,"column":62}},"24":{"start":{"line":88,"column":4},"end":{"line":88,"column":34}},"25":{"start":{"line":92,"column":4},"end":{"line":92,"column":62}},"26":{"start":{"line":93,"column":4},"end":{"line":93,"column":34}},"27":{"start":{"line":96,"column":0},"end":{"line":114,"column":3}},"28":{"start":{"line":97,"column":4},"end":{"line":100,"column":7}},"29":{"start":{"line":102,"column":27},"end":{"line":102,"column":64}},"30":{"start":{"line":104,"column":4},"end":{"line":113,"column":5}},"31":{"start":{"line":105,"column":30},"end":{"line":105,"column":57}},"32":{"start":{"line":107,"column":8},"end":{"line":110,"column":9}},"33":{"start":{"line":107,"column":28},"end":{"line":107,"column":29}},"34":{"start":{"line":108,"column":27},"end":{"line":108,"column":52}},"35":{"start":{"line":109,"column":12},"end":{"line":109,"column":99}},"36":{"start":{"line":112,"column":8},"end":{"line":112,"column":61}}},"fnMap":{"0":{"name":"submitParametersData","decl":{"start":{"line":9,"column":9},"end":{"line":9,"column":29}},"loc":{"start":{"line":9,"column":32},"end":{"line":12,"column":1}},"line":9},"1":{"name":"loadTimePickers","decl":{"start":{"line":16,"column":9},"end":{"line":16,"column":24}},"loc":{"start":{"line":16,"column":27},"end":{"line":24,"column":1}},"line":16},"2":{"name":"addOrchestratorTimeRange","decl":{"start":{"line":26,"column":9},"end":{"line":26,"column":33}},"loc":{"start":{"line":26,"column":36},"end":{"line":29,"column":1}},"line":26},"3":{"name":"removeOrchestratorTimeRange","decl":{"start":{"line":31,"column":9},"end":{"line":31,"column":36}},"loc":{"start":{"line":31,"column":39},"end":{"line":34,"column":1}},"line":31},"4":{"name":"updateSynchroFieldsDisplay","decl":{"start":{"line":36,"column":9},"end":{"line":36,"column":35}},"loc":{"start":{"line":36,"column":69},"end":{"line":59,"column":1}},"line":36},"5":{"name":"hideSynchroFields","decl":{"start":{"line":61,"column":9},"end":{"line":61,"column":26}},"loc":{"start":{"line":61,"column":29},"end":{"line":63,"column":1}},"line":61},"6":{"name":"hideLdapFields","decl":{"start":{"line":65,"column":9},"end":{"line":65,"column":23}},"loc":{"start":{"line":65,"column":26},"end":{"line":67,"column":1}},"line":65},"7":{"name":"showLdapFields","decl":{"start":{"line":70,"column":9},"end":{"line":70,"column":23}},"loc":{"start":{"line":70,"column":26},"end":{"line":79,"column":1}},"line":70},"8":{"name":"showSynchroFields","decl":{"start":{"line":82,"column":9},"end":{"line":82,"column":26}},"loc":{"start":{"line":82,"column":29},"end":{"line":84,"column":1}},"line":82},"9":{"name":"startSynchro","decl":{"start":{"line":86,"column":9},"end":{"line":86,"column":21}},"loc":{"start":{"line":86,"column":24},"end":{"line":89,"column":1}},"line":86},"10":{"name":"testLdap","decl":{"start":{"line":91,"column":9},"end":{"line":91,"column":17}},"loc":{"start":{"line":91,"column":20},"end":{"line":94,"column":1}},"line":91},"11":{"name":"(anonymous_11)","decl":{"start":{"line":96,"column":2},"end":{"line":96,"column":3}},"loc":{"start":{"line":96,"column":13},"end":{"line":114,"column":1}},"line":96}},"branchMap":{"0":{"loc":{"start":{"line":38,"column":4},"end":{"line":58,"column":5}},"type":"if","locations":[{"start":{"line":38,"column":4},"end":{"line":58,"column":5}},{"start":{"line":48,"column":11},"end":{"line":58,"column":5}}],"line":38},"1":{"loc":{"start":{"line":41,"column":8},"end":{"line":46,"column":9}},"type":"if","locations":[{"start":{"line":41,"column":8},"end":{"line":46,"column":9}},{"start":{"line":44,"column":15},"end":{"line":46,"column":9}}],"line":41},"2":{"loc":{"start":{"line":50,"column":8},"end":{"line":55,"column":9}},"type":"if","locations":[{"start":{"line":50,"column":8},"end":{"line":55,"column":9}},{"start":{"line":53,"column":15},"end":{"line":55,"column":9}}],"line":50},"3":{"loc":{"start":{"line":73,"column":5},"end":{"line":78,"column":6}},"type":"if","locations":[{"start":{"line":73,"column":5},"end":{"line":78,"column":6}},{"start":{"line":76,"column":12},"end":{"line":78,"column":6}}],"line":73},"4":{"loc":{"start":{"line":104,"column":4},"end":{"line":113,"column":5}},"type":"if","locations":[{"start":{"line":104,"column":4},"end":{"line":113,"column":5}},{"start":{},"end":{}}],"line":104}},"s":{"0":0,"1":0,"2":0,"3":0,"4":0,"5":0,"6":0,"7":0,"8":0,"9":0,"10":0,"11":0,"12":0,"13":0,"14":0,"15":0,"16":0,"17":0,"18":0,"19":0,"20":0,"21":0,"22":0,"23":0,"24":0,"25":0,"26":0,"27":0,"28":0,"29":0,"30":0,"31":0,"32":0,"33":0,"34":0,"35":0,"36":0},"f":{"0":0,"1":0,"2":0,"3":0,"4":0,"5":0,"6":0,"7":0,"8":0,"9":0,"10":0,"11":0},"b":{"0":[0,0],"1":[0,0],"2":[0,0],"3":[0,0],"4":[0,0]}}
,"/home/balves/IdeaProjects/extract/extract/src/main/resources/static/js/polyfills.js": {"path":"/home/balves/IdeaProjects/extract/extract/src/main/resources/static/js/polyfills.js","statementMap":{"0":{"start":{"line":18,"column":0},"end":{"line":46,"column":1}},"1":{"start":{"line":19,"column":2},"end":{"line":45,"column":3}},"2":{"start":{"line":21,"column":4},"end":{"line":22,"column":69}},"3":{"start":{"line":22,"column":6},"end":{"line":22,"column":69}},"4":{"start":{"line":23,"column":14},"end":{"line":23,"column":23}},"5":{"start":{"line":24,"column":4},"end":{"line":24,"column":19}},"6":{"start":{"line":25,"column":4},"end":{"line":26,"column":16}},"7":{"start":{"line":26,"column":6},"end":{"line":26,"column":16}},"8":{"start":{"line":27,"column":4},"end":{"line":28,"column":73}},"9":{"start":{"line":28,"column":6},"end":{"line":28,"column":73}},"10":{"start":{"line":29,"column":4},"end":{"line":30,"column":86}},"11":{"start":{"line":30,"column":6},"end":{"line":30,"column":86}},"12":{"start":{"line":31,"column":4},"end":{"line":31,"column":30}},"13":{"start":{"line":32,"column":4},"end":{"line":33,"column":16}},"14":{"start":{"line":33,"column":6},"end":{"line":33,"column":16}},"15":{"start":{"line":38,"column":4},"end":{"line":39,"column":105}},"16":{"start":{"line":39,"column":6},"end":{"line":39,"column":105}},"17":{"start":{"line":40,"column":14},"end":{"line":40,"column":16}},"18":{"start":{"line":41,"column":4},"end":{"line":43,"column":5}},"19":{"start":{"line":41,"column":17},"end":{"line":41,"column":18}},"20":{"start":{"line":42,"column":6},"end":{"line":42,"column":17}},"21":{"start":{"line":44,"column":4},"end":{"line":44,"column":15}}},"fnMap":{"0":{"name":"(anonymous_0)","decl":{"start":{"line":19,"column":28},"end":{"line":19,"column":29}},"loc":{"start":{"line":19,"column":45},"end":{"line":45,"column":3}},"line":19}},"branchMap":{"0":{"loc":{"start":{"line":18,"column":0},"end":{"line":46,"column":1}},"type":"if","locations":[{"start":{"line":18,"column":0},"end":{"line":46,"column":1}},{"start":{},"end":{}}],"line":18},"1":{"loc":{"start":{"line":21,"column":4},"end":{"line":22,"column":69}},"type":"if","locations":[{"start":{"line":21,"column":4},"end":{"line":22,"column":69}},{"start":{},"end":{}}],"line":21},"2":{"loc":{"start":{"line":25,"column":4},"end":{"line":26,"column":16}},"type":"if","locations":[{"start":{"line":25,"column":4},"end":{"line":26,"column":16}},{"start":{},"end":{}}],"line":25},"3":{"loc":{"start":{"line":27,"column":4},"end":{"line":28,"column":73}},"type":"if","locations":[{"start":{"line":27,"column":4},"end":{"line":28,"column":73}},{"start":{},"end":{}}],"line":27},"4":{"loc":{"start":{"line":29,"column":4},"end":{"line":30,"column":86}},"type":"if","locations":[{"start":{"line":29,"column":4},"end":{"line":30,"column":86}},{"start":{},"end":{}}],"line":29},"5":{"loc":{"start":{"line":32,"column":4},"end":{"line":33,"column":16}},"type":"if","locations":[{"start":{"line":32,"column":4},"end":{"line":33,"column":16}},{"start":{},"end":{}}],"line":32},"6":{"loc":{"start":{"line":32,"column":8},"end":{"line":32,"column":39}},"type":"binary-expr","locations":[{"start":{"line":32,"column":8},"end":{"line":32,"column":24}},{"start":{"line":32,"column":28},"end":{"line":32,"column":39}}],"line":32},"7":{"loc":{"start":{"line":38,"column":4},"end":{"line":39,"column":105}},"type":"if","locations":[{"start":{"line":38,"column":4},"end":{"line":39,"column":105}},{"start":{},"end":{}}],"line":38}},"s":{"0":0,"1":0,"2":0,"3":0,"4":0,"5":0,"6":0,"7":0,"8":0,"9":0,"10":0,"11":0,"12":0,"13":0,"14":0,"15":0,"16":0,"17":0,"18":0,"19":0,"20":0,"21":0},"f":{"0":0},"b":{"0":[0,0],"1":[0,0],"2":[0,0],"3":[0,0],"4":[0,0],"5":[0,0],"6":[0,0],"7":[0,0]}}
,"/home/balves/IdeaProjects/extract/extract/src/main/resources/static/js/processDetails.js": {"path":"/home/balves/IdeaProjects/extract/extract/src/main/resources/static/js/processDetails.js","statementMap":{"0":{"start":{"line":25,"column":28},"end":{"line":25,"column":54}},"1":{"start":{"line":26,"column":4},"end":{"line":28,"column":88}},"2":{"start":{"line":27,"column":47},"end":{"line":27,"column":72}},"3":{"start":{"line":28,"column":44},"end":{"line":28,"column":75}},"4":{"start":{"line":29,"column":4},"end":{"line":31,"column":93}},"5":{"start":{"line":30,"column":51},"end":{"line":30,"column":77}},"6":{"start":{"line":31,"column":48},"end":{"line":31,"column":80}},"7":{"start":{"line":33,"column":4},"end":{"line":39,"column":7}},"8":{"start":{"line":34,"column":23},"end":{"line":34,"column":45}},"9":{"start":{"line":35,"column":23},"end":{"line":35,"column":41}},"10":{"start":{"line":36,"column":28},"end":{"line":36,"column":85}},"11":{"start":{"line":37,"column":26},"end":{"line":37,"column":64}},"12":{"start":{"line":38,"column":8},"end":{"line":38,"column":47}},"13":{"start":{"line":42,"column":4},"end":{"line":44,"column":7}},"14":{"start":{"line":43,"column":8},"end":{"line":43,"column":27}},"15":{"start":{"line":46,"column":4},"end":{"line":46,"column":31}},"16":{"start":{"line":51,"column":4},"end":{"line":53,"column":5}},"17":{"start":{"line":52,"column":8},"end":{"line":52,"column":15}},"18":{"start":{"line":55,"column":29},"end":{"line":55,"column":68}},"19":{"start":{"line":56,"column":28},"end":{"line":56,"column":62}},"20":{"start":{"line":57,"column":18},"end":{"line":57,"column":44}},"21":{"start":{"line":58,"column":28},"end":{"line":67,"column":5}},"22":{"start":{"line":59,"column":8},"end":{"line":59,"column":49}},"23":{"start":{"line":60,"column":8},"end":{"line":62,"column":11}},"24":{"start":{"line":61,"column":12},"end":{"line":61,"column":28}},"25":{"start":{"line":63,"column":19},"end":{"line":63,"column":94}},"26":{"start":{"line":64,"column":8},"end":{"line":64,"column":56}},"27":{"start":{"line":65,"column":8},"end":{"line":65,"column":84}},"28":{"start":{"line":66,"column":8},"end":{"line":66,"column":28}},"29":{"start":{"line":68,"column":4},"end":{"line":68,"column":121}},"30":{"start":{"line":71,"column":0},"end":{"line":242,"column":3}},"31":{"start":{"line":73,"column":19},"end":{"line":73,"column":39}},"32":{"start":{"line":75,"column":18},"end":{"line":75,"column":41}},"33":{"start":{"line":76,"column":4},"end":{"line":79,"column":5}},"34":{"start":{"line":77,"column":8},"end":{"line":77,"column":39}},"35":{"start":{"line":78,"column":8},"end":{"line":78,"column":33}},"36":{"start":{"line":83,"column":8},"end":{"line":85,"column":9}},"37":{"start":{"line":84,"column":12},"end":{"line":84,"column":29}},"38":{"start":{"line":87,"column":21},"end":{"line":87,"column":76}},"39":{"start":{"line":88,"column":8},"end":{"line":88,"column":78}},"40":{"start":{"line":91,"column":4},"end":{"line":93,"column":7}},"41":{"start":{"line":95,"column":4},"end":{"line":99,"column":7}},"42":{"start":{"line":102,"column":24},"end":{"line":102,"column":87}},"43":{"start":{"line":102,"column":71},"end":{"line":102,"column":86}},"44":{"start":{"line":103,"column":29},"end":{"line":103,"column":98}},"45":{"start":{"line":103,"column":81},"end":{"line":103,"column":97}},"46":{"start":{"line":104,"column":4},"end":{"line":104,"column":63}},"47":{"start":{"line":105,"column":4},"end":{"line":105,"column":34}},"48":{"start":{"line":107,"column":4},"end":{"line":113,"column":7}},"49":{"start":{"line":108,"column":23},"end":{"line":108,"column":47}},"50":{"start":{"line":109,"column":23},"end":{"line":109,"column":53}},"51":{"start":{"line":110,"column":26},"end":{"line":110,"column":62}},"52":{"start":{"line":111,"column":8},"end":{"line":111,"column":37}},"53":{"start":{"line":112,"column":8},"end":{"line":112,"column":41}},"54":{"start":{"line":123,"column":25},"end":{"line":123,"column":63}},"55":{"start":{"line":139,"column":4},"end":{"line":154,"column":8}},"56":{"start":{"line":139,"column":44},"end":{"line":154,"column":6}},"57":{"start":{"line":145,"column":32},"end":{"line":145,"column":62}},"58":{"start":{"line":146,"column":36},"end":{"line":146,"column":83}},"59":{"start":{"line":147,"column":16},"end":{"line":147,"column":72}},"60":{"start":{"line":150,"column":32},"end":{"line":150,"column":62}},"61":{"start":{"line":151,"column":34},"end":{"line":151,"column":78}},"62":{"start":{"line":152,"column":16},"end":{"line":152,"column":67}},"63":{"start":{"line":156,"column":4},"end":{"line":169,"column":7}},"64":{"start":{"line":157,"column":8},"end":{"line":168,"column":11}},"65":{"start":{"line":158,"column":12},"end":{"line":158,"column":33}},"66":{"start":{"line":159,"column":12},"end":{"line":159,"column":34}},"67":{"start":{"line":160,"column":30},"end":{"line":160,"column":73}},"68":{"start":{"line":161,"column":37},"end":{"line":161,"column":93}},"69":{"start":{"line":162,"column":12},"end":{"line":162,"column":43}},"70":{"start":{"line":164,"column":12},"end":{"line":167,"column":13}},"71":{"start":{"line":165,"column":16},"end":{"line":165,"column":39}},"72":{"start":{"line":166,"column":16},"end":{"line":166,"column":33}},"73":{"start":{"line":171,"column":4},"end":{"line":173,"column":7}},"74":{"start":{"line":172,"column":7},"end":{"line":172,"column":38}},"75":{"start":{"line":175,"column":4},"end":{"line":241,"column":5}},"76":{"start":{"line":177,"column":8},"end":{"line":210,"column":11}},"77":{"start":{"line":186,"column":27},"end":{"line":186,"column":48}},"78":{"start":{"line":187,"column":16},"end":{"line":187,"column":47}},"79":{"start":{"line":193,"column":16},"end":{"line":193,"column":76}},"80":{"start":{"line":194,"column":17},"end":{"line":194,"column":104}},"81":{"start":{"line":199,"column":41},"end":{"line":199,"column":81}},"82":{"start":{"line":200,"column":16},"end":{"line":200,"column":99}},"83":{"start":{"line":202,"column":16},"end":{"line":207,"column":19}},"84":{"start":{"line":204,"column":20},"end":{"line":204,"column":50}},"85":{"start":{"line":205,"column":20},"end":{"line":206,"column":55}},"86":{"start":{"line":206,"column":24},"end":{"line":206,"column":55}},"87":{"start":{"line":208,"column":16},"end":{"line":208,"column":57}},"88":{"start":{"line":213,"column":8},"end":{"line":216,"column":11}},"89":{"start":{"line":217,"column":8},"end":{"line":227,"column":11}},"90":{"start":{"line":223,"column":27},"end":{"line":223,"column":49}},"91":{"start":{"line":224,"column":16},"end":{"line":224,"column":55}},"92":{"start":{"line":225,"column":16},"end":{"line":225,"column":36}},"93":{"start":{"line":229,"column":8},"end":{"line":240,"column":11}},"94":{"start":{"line":230,"column":26},"end":{"line":230,"column":33}},"95":{"start":{"line":231,"column":25},"end":{"line":231,"column":86}},"96":{"start":{"line":233,"column":12},"end":{"line":235,"column":13}},"97":{"start":{"line":234,"column":16},"end":{"line":234,"column":23}},"98":{"start":{"line":237,"column":27},"end":{"line":237,"column":58}},"99":{"start":{"line":239,"column":12},"end":{"line":239,"column":41}}},"fnMap":{"0":{"name":"submitProcessData","decl":{"start":{"line":23,"column":9},"end":{"line":23,"column":26}},"loc":{"start":{"line":23,"column":29},"end":{"line":47,"column":1}},"line":23},"1":{"name":"(anonymous_1)","decl":{"start":{"line":27,"column":36},"end":{"line":27,"column":37}},"loc":{"start":{"line":27,"column":47},"end":{"line":27,"column":72}},"line":27},"2":{"name":"(anonymous_2)","decl":{"start":{"line":28,"column":33},"end":{"line":28,"column":34}},"loc":{"start":{"line":28,"column":44},"end":{"line":28,"column":75}},"line":28},"3":{"name":"(anonymous_3)","decl":{"start":{"line":30,"column":40},"end":{"line":30,"column":41}},"loc":{"start":{"line":30,"column":51},"end":{"line":30,"column":77}},"line":30},"4":{"name":"(anonymous_4)","decl":{"start":{"line":31,"column":37},"end":{"line":31,"column":38}},"loc":{"start":{"line":31,"column":48},"end":{"line":31,"column":80}},"line":31},"5":{"name":"(anonymous_5)","decl":{"start":{"line":33,"column":32},"end":{"line":33,"column":33}},"loc":{"start":{"line":33,"column":55},"end":{"line":39,"column":5}},"line":33},"6":{"name":"(anonymous_6)","decl":{"start":{"line":42,"column":74},"end":{"line":42,"column":75}},"loc":{"start":{"line":42,"column":86},"end":{"line":44,"column":5}},"line":42},"7":{"name":"deleteTask","decl":{"start":{"line":49,"column":9},"end":{"line":49,"column":19}},"loc":{"start":{"line":49,"column":34},"end":{"line":69,"column":1}},"line":49},"8":{"name":"(anonymous_8)","decl":{"start":{"line":58,"column":28},"end":{"line":58,"column":29}},"loc":{"start":{"line":58,"column":39},"end":{"line":67,"column":5}},"line":58},"9":{"name":"(anonymous_9)","decl":{"start":{"line":60,"column":30},"end":{"line":60,"column":31}},"loc":{"start":{"line":60,"column":40},"end":{"line":62,"column":9}},"line":60},"10":{"name":"(anonymous_10)","decl":{"start":{"line":71,"column":2},"end":{"line":71,"column":3}},"loc":{"start":{"line":71,"column":13},"end":{"line":242,"column":1}},"line":71},"11":{"name":"formatUserItem","decl":{"start":{"line":81,"column":13},"end":{"line":81,"column":27}},"loc":{"start":{"line":81,"column":34},"end":{"line":89,"column":5}},"line":81},"12":{"name":"(anonymous_12)","decl":{"start":{"line":102,"column":60},"end":{"line":102,"column":61}},"loc":{"start":{"line":102,"column":71},"end":{"line":102,"column":86}},"line":102},"13":{"name":"(anonymous_13)","decl":{"start":{"line":103,"column":70},"end":{"line":103,"column":71}},"loc":{"start":{"line":103,"column":81},"end":{"line":103,"column":97}},"line":103},"14":{"name":"(anonymous_14)","decl":{"start":{"line":107,"column":39},"end":{"line":107,"column":40}},"loc":{"start":{"line":107,"column":62},"end":{"line":113,"column":5}},"line":107},"15":{"name":"(anonymous_15)","decl":{"start":{"line":139,"column":26},"end":{"line":139,"column":27}},"loc":{"start":{"line":139,"column":44},"end":{"line":154,"column":6}},"line":139},"16":{"name":"(anonymous_16)","decl":{"start":{"line":144,"column":19},"end":{"line":144,"column":20}},"loc":{"start":{"line":144,"column":45},"end":{"line":148,"column":13}},"line":144},"17":{"name":"(anonymous_17)","decl":{"start":{"line":149,"column":21},"end":{"line":149,"column":22}},"loc":{"start":{"line":149,"column":47},"end":{"line":153,"column":13}},"line":149},"18":{"name":"(anonymous_18)","decl":{"start":{"line":156,"column":25},"end":{"line":156,"column":26}},"loc":{"start":{"line":156,"column":43},"end":{"line":169,"column":5}},"line":156},"19":{"name":"(anonymous_19)","decl":{"start":{"line":157,"column":38},"end":{"line":157,"column":39}},"loc":{"start":{"line":157,"column":52},"end":{"line":168,"column":9}},"line":157},"20":{"name":"(anonymous_20)","decl":{"start":{"line":171,"column":55},"end":{"line":171,"column":56}},"loc":{"start":{"line":171,"column":66},"end":{"line":173,"column":5}},"line":171},"21":{"name":"(anonymous_21)","decl":{"start":{"line":185,"column":18},"end":{"line":185,"column":19}},"loc":{"start":{"line":185,"column":38},"end":{"line":188,"column":13}},"line":185},"22":{"name":"(anonymous_22)","decl":{"start":{"line":189,"column":21},"end":{"line":189,"column":22}},"loc":{"start":{"line":189,"column":41},"end":{"line":191,"column":13}},"line":189},"23":{"name":"(anonymous_23)","decl":{"start":{"line":192,"column":20},"end":{"line":192,"column":21}},"loc":{"start":{"line":192,"column":36},"end":{"line":197,"column":13}},"line":192},"24":{"name":"(anonymous_24)","decl":{"start":{"line":198,"column":19},"end":{"line":198,"column":20}},"loc":{"start":{"line":198,"column":35},"end":{"line":209,"column":13}},"line":198},"25":{"name":"(anonymous_25)","decl":{"start":{"line":202,"column":89},"end":{"line":202,"column":90}},"loc":{"start":{"line":202,"column":101},"end":{"line":207,"column":17}},"line":202},"26":{"name":"(anonymous_26)","decl":{"start":{"line":221,"column":19},"end":{"line":221,"column":20}},"loc":{"start":{"line":221,"column":34},"end":{"line":226,"column":13}},"line":221},"27":{"name":"(anonymous_27)","decl":{"start":{"line":229,"column":44},"end":{"line":229,"column":45}},"loc":{"start":{"line":229,"column":55},"end":{"line":240,"column":9}},"line":229}},"branchMap":{"0":{"loc":{"start":{"line":51,"column":4},"end":{"line":53,"column":5}},"type":"if","locations":[{"start":{"line":51,"column":4},"end":{"line":53,"column":5}},{"start":{},"end":{}}],"line":51},"1":{"loc":{"start":{"line":51,"column":8},"end":{"line":51,"column":29}},"type":"binary-expr","locations":[{"start":{"line":51,"column":8},"end":{"line":51,"column":19}},{"start":{"line":51,"column":23},"end":{"line":51,"column":29}}],"line":51},"2":{"loc":{"start":{"line":76,"column":4},"end":{"line":79,"column":5}},"type":"if","locations":[{"start":{"line":76,"column":4},"end":{"line":79,"column":5}},{"start":{},"end":{}}],"line":76},"3":{"loc":{"start":{"line":76,"column":7},"end":{"line":76,"column":42}},"type":"binary-expr","locations":[{"start":{"line":76,"column":7},"end":{"line":76,"column":23}},{"start":{"line":76,"column":27},"end":{"line":76,"column":42}}],"line":76},"4":{"loc":{"start":{"line":83,"column":8},"end":{"line":85,"column":9}},"type":"if","locations":[{"start":{"line":83,"column":8},"end":{"line":85,"column":9}},{"start":{},"end":{}}],"line":83},"5":{"loc":{"start":{"line":87,"column":21},"end":{"line":87,"column":76}},"type":"cond-expr","locations":[{"start":{"line":87,"column":54},"end":{"line":87,"column":64}},{"start":{"line":87,"column":67},"end":{"line":87,"column":76}}],"line":87},"6":{"loc":{"start":{"line":164,"column":12},"end":{"line":167,"column":13}},"type":"if","locations":[{"start":{"line":164,"column":12},"end":{"line":167,"column":13}},{"start":{},"end":{}}],"line":164},"7":{"loc":{"start":{"line":175,"column":4},"end":{"line":241,"column":5}},"type":"if","locations":[{"start":{"line":175,"column":4},"end":{"line":241,"column":5}},{"start":{},"end":{}}],"line":175},"8":{"loc":{"start":{"line":205,"column":20},"end":{"line":206,"column":55}},"type":"if","locations":[{"start":{"line":205,"column":20},"end":{"line":206,"column":55}},{"start":{},"end":{}}],"line":205},"9":{"loc":{"start":{"line":233,"column":12},"end":{"line":235,"column":13}},"type":"if","locations":[{"start":{"line":233,"column":12},"end":{"line":235,"column":13}},{"start":{},"end":{}}],"line":233},"10":{"loc":{"start":{"line":233,"column":16},"end":{"line":233,"column":61}},"type":"binary-expr","locations":[{"start":{"line":233,"column":16},"end":{"line":233,"column":29}},{"start":{"line":233,"column":33},"end":{"line":233,"column":61}}],"line":233}},"s":{"0":0,"1":0,"2":0,"3":0,"4":0,"5":0,"6":0,"7":0,"8":0,"9":0,"10":0,"11":0,"12":0,"13":0,"14":0,"15":0,"16":0,"17":0,"18":0,"19":0,"20":0,"21":0,"22":0,"23":0,"24":0,"25":0,"26":0,"27":0,"28":0,"29":0,"30":0,"31":0,"32":0,"33":0,"34":0,"35":0,"36":0,"37":0,"38":0,"39":0,"40":0,"41":0,"42":0,"43":0,"44":0,"45":0,"46":0,"47":0,"48":0,"49":0,"50":0,"51":0,"52":0,"53":0,"54":0,"55":0,"56":0,"57":0,"58":0,"59":0,"60":0,"61":0,"62":0,"63":0,"64":0,"65":0,"66":0,"67":0,"68":0,"69":0,"70":0,"71":0,"72":0,"73":0,"74":0,"75":0,"76":0,"77":0,"78":0,"79":0,"80":0,"81":0,"82":0,"83":0,"84":0,"85":0,"86":0,"87":0,"88":0,"89":0,"90":0,"91":0,"92":0,"93":0,"94":0,"95":0,"96":0,"97":0,"98":0,"99":0},"f":{"0":0,"1":0,"2":0,"3":0,"4":0,"5":0,"6":0,"7":0,"8":0,"9":0,"10":0,"11":0,"12":0,"13":0,"14":0,"15":0,"16":0,"17":0,"18":0,"19":0,"20":0,"21":0,"22":0,"23":0,"24":0,"25":0,"26":0,"27":0},"b":{"0":[0,0],"1":[0,0],"2":[0,0],"3":[0,0],"4":[0,0],"5":[0,0],"6":[0,0],"7":[0,0],"8":[0,0],"9":[0,0],"10":[0,0]}}
,"/home/balves/IdeaProjects/extract/extract/src/main/resources/static/js/processesList.js": {"path":"/home/balves/IdeaProjects/extract/extract/src/main/resources/static/js/processesList.js","statementMap":{"0":{"start":{"line":27,"column":4},"end":{"line":27,"column":47}},"1":{"start":{"line":28,"column":4},"end":{"line":28,"column":79}},"2":{"start":{"line":41,"column":4},"end":{"line":41,"column":79}},"3":{"start":{"line":57,"column":4},"end":{"line":59,"column":5}},"4":{"start":{"line":58,"column":8},"end":{"line":58,"column":15}},"5":{"start":{"line":61,"column":28},"end":{"line":61,"column":62}},"6":{"start":{"line":62,"column":18},"end":{"line":62,"column":61}},"7":{"start":{"line":63,"column":28},"end":{"line":68,"column":5}},"8":{"start":{"line":64,"column":8},"end":{"line":64,"column":72}},"9":{"start":{"line":65,"column":8},"end":{"line":65,"column":32}},"10":{"start":{"line":66,"column":8},"end":{"line":66,"column":36}},"11":{"start":{"line":67,"column":8},"end":{"line":67,"column":35}},"12":{"start":{"line":70,"column":4},"end":{"line":71,"column":34}},"13":{"start":{"line":83,"column":18},"end":{"line":83,"column":27}},"14":{"start":{"line":84,"column":20},"end":{"line":84,"column":63}},"15":{"start":{"line":86,"column":4},"end":{"line":88,"column":5}},"16":{"start":{"line":87,"column":8},"end":{"line":87,"column":15}},"17":{"start":{"line":90,"column":13},"end":{"line":90,"column":35}},"18":{"start":{"line":92,"column":4},"end":{"line":94,"column":5}},"19":{"start":{"line":93,"column":8},"end":{"line":93,"column":15}},"20":{"start":{"line":96,"column":15},"end":{"line":96,"column":67}},"21":{"start":{"line":98,"column":4},"end":{"line":100,"column":5}},"22":{"start":{"line":99,"column":8},"end":{"line":99,"column":15}},"23":{"start":{"line":102,"column":4},"end":{"line":102,"column":29}},"24":{"start":{"line":108,"column":0},"end":{"line":116,"column":3}},"25":{"start":{"line":109,"column":4},"end":{"line":111,"column":7}},"26":{"start":{"line":110,"column":8},"end":{"line":110,"column":47}},"27":{"start":{"line":113,"column":4},"end":{"line":115,"column":7}},"28":{"start":{"line":114,"column":8},"end":{"line":114,"column":48}}},"fnMap":{"0":{"name":"cloneProcess","decl":{"start":{"line":26,"column":9},"end":{"line":26,"column":21}},"loc":{"start":{"line":26,"column":40},"end":{"line":29,"column":1}},"line":26},"1":{"name":"deleteProcess","decl":{"start":{"line":40,"column":9},"end":{"line":40,"column":22}},"loc":{"start":{"line":40,"column":41},"end":{"line":42,"column":1}},"line":40},"2":{"name":"_executeAction","decl":{"start":{"line":55,"column":9},"end":{"line":55,"column":23}},"loc":{"start":{"line":55,"column":56},"end":{"line":72,"column":1}},"line":55},"3":{"name":"(anonymous_3)","decl":{"start":{"line":63,"column":28},"end":{"line":63,"column":29}},"loc":{"start":{"line":63,"column":39},"end":{"line":68,"column":5}},"line":63},"4":{"name":"_handleButtonClick","decl":{"start":{"line":82,"column":9},"end":{"line":82,"column":27}},"loc":{"start":{"line":82,"column":44},"end":{"line":103,"column":1}},"line":82},"5":{"name":"(anonymous_5)","decl":{"start":{"line":108,"column":2},"end":{"line":108,"column":3}},"loc":{"start":{"line":108,"column":13},"end":{"line":116,"column":1}},"line":108},"6":{"name":"(anonymous_6)","decl":{"start":{"line":109,"column":35},"end":{"line":109,"column":36}},"loc":{"start":{"line":109,"column":46},"end":{"line":111,"column":5}},"line":109},"7":{"name":"(anonymous_7)","decl":{"start":{"line":113,"column":36},"end":{"line":113,"column":37}},"loc":{"start":{"line":113,"column":47},"end":{"line":115,"column":5}},"line":113}},"branchMap":{"0":{"loc":{"start":{"line":57,"column":4},"end":{"line":59,"column":5}},"type":"if","locations":[{"start":{"line":57,"column":4},"end":{"line":59,"column":5}},{"start":{},"end":{}}],"line":57},"1":{"loc":{"start":{"line":57,"column":8},"end":{"line":57,"column":44}},"type":"binary-expr","locations":[{"start":{"line":57,"column":8},"end":{"line":57,"column":11}},{"start":{"line":57,"column":15},"end":{"line":57,"column":24}},{"start":{"line":57,"column":28},"end":{"line":57,"column":35}},{"start":{"line":57,"column":39},"end":{"line":57,"column":44}}],"line":57},"2":{"loc":{"start":{"line":86,"column":4},"end":{"line":88,"column":5}},"type":"if","locations":[{"start":{"line":86,"column":4},"end":{"line":88,"column":5}},{"start":{},"end":{}}],"line":86},"3":{"loc":{"start":{"line":86,"column":8},"end":{"line":86,"column":50}},"type":"binary-expr","locations":[{"start":{"line":86,"column":8},"end":{"line":86,"column":26}},{"start":{"line":86,"column":30},"end":{"line":86,"column":50}}],"line":86},"4":{"loc":{"start":{"line":92,"column":4},"end":{"line":94,"column":5}},"type":"if","locations":[{"start":{"line":92,"column":4},"end":{"line":94,"column":5}},{"start":{},"end":{}}],"line":92},"5":{"loc":{"start":{"line":98,"column":4},"end":{"line":100,"column":5}},"type":"if","locations":[{"start":{"line":98,"column":4},"end":{"line":100,"column":5}},{"start":{},"end":{}}],"line":98}},"s":{"0":0,"1":0,"2":0,"3":0,"4":0,"5":0,"6":0,"7":0,"8":0,"9":0,"10":0,"11":0,"12":0,"13":0,"14":0,"15":0,"16":0,"17":0,"18":0,"19":0,"20":0,"21":0,"22":0,"23":0,"24":0,"25":0,"26":0,"27":0,"28":0},"f":{"0":0,"1":0,"2":0,"3":0,"4":0,"5":0,"6":0,"7":0},"b":{"0":[0,0],"1":[0,0,0,0],"2":[0,0],"3":[0,0],"4":[0,0],"5":[0,0]}}
,"/home/balves/IdeaProjects/extract/extract/src/main/resources/static/js/register2fa.js": {"path":"/home/balves/IdeaProjects/extract/extract/src/main/resources/static/js/register2fa.js","statementMap":{"0":{"start":{"line":2,"column":15},"end":{"line":2,"column":37}},"1":{"start":{"line":3,"column":4},"end":{"line":3,"column":35}},"2":{"start":{"line":4,"column":4},"end":{"line":4,"column":18}},"3":{"start":{"line":7,"column":0},"end":{"line":11,"column":3}},"4":{"start":{"line":8,"column":4},"end":{"line":10,"column":7}},"5":{"start":{"line":9,"column":8},"end":{"line":9,"column":32}}},"fnMap":{"0":{"name":"cancel2faRegistration","decl":{"start":{"line":1,"column":9},"end":{"line":1,"column":30}},"loc":{"start":{"line":1,"column":33},"end":{"line":5,"column":1}},"line":1},"1":{"name":"(anonymous_1)","decl":{"start":{"line":7,"column":2},"end":{"line":7,"column":3}},"loc":{"start":{"line":7,"column":13},"end":{"line":11,"column":1}},"line":7},"2":{"name":"(anonymous_2)","decl":{"start":{"line":8,"column":47},"end":{"line":8,"column":48}},"loc":{"start":{"line":8,"column":58},"end":{"line":10,"column":5}},"line":8}},"branchMap":{},"s":{"0":0,"1":0,"2":0,"3":0,"4":0,"5":0},"f":{"0":0,"1":0,"2":0},"b":{}}
,"/home/balves/IdeaProjects/extract/extract/src/main/resources/static/js/remarkDetails.js": {"path":"/home/balves/IdeaProjects/extract/extract/src/main/resources/static/js/remarkDetails.js","statementMap":{"0":{"start":{"line":23,"column":4},"end":{"line":23,"column":30}}},"fnMap":{"0":{"name":"submitRemarkData","decl":{"start":{"line":21,"column":9},"end":{"line":21,"column":25}},"loc":{"start":{"line":21,"column":28},"end":{"line":24,"column":1}},"line":21}},"branchMap":{},"s":{"0":0},"f":{"0":0},"b":{}}
,"/home/balves/IdeaProjects/extract/extract/src/main/resources/static/js/remarksList.js": {"path":"/home/balves/IdeaProjects/extract/extract/src/main/resources/static/js/remarksList.js","statementMap":{"0":{"start":{"line":26,"column":4},"end":{"line":28,"column":5}},"1":{"start":{"line":27,"column":8},"end":{"line":27,"column":15}},"2":{"start":{"line":30,"column":29},"end":{"line":30,"column":68}},"3":{"start":{"line":31,"column":28},"end":{"line":31,"column":62}},"4":{"start":{"line":32,"column":18},"end":{"line":32,"column":68}},"5":{"start":{"line":33,"column":28},"end":{"line":37,"column":5}},"6":{"start":{"line":34,"column":8},"end":{"line":34,"column":31}},"7":{"start":{"line":35,"column":8},"end":{"line":35,"column":37}},"8":{"start":{"line":36,"column":8},"end":{"line":36,"column":34}},"9":{"start":{"line":39,"column":4},"end":{"line":40,"column":30}},"10":{"start":{"line":46,"column":0},"end":{"line":63,"column":3}},"11":{"start":{"line":47,"column":4},"end":{"line":62,"column":7}},"12":{"start":{"line":48,"column":22},"end":{"line":48,"column":29}},"13":{"start":{"line":49,"column":17},"end":{"line":49,"column":74}},"14":{"start":{"line":51,"column":8},"end":{"line":53,"column":9}},"15":{"start":{"line":52,"column":12},"end":{"line":52,"column":19}},"16":{"start":{"line":55,"column":20},"end":{"line":55,"column":73}},"17":{"start":{"line":57,"column":8},"end":{"line":59,"column":9}},"18":{"start":{"line":58,"column":12},"end":{"line":58,"column":19}},"19":{"start":{"line":61,"column":8},"end":{"line":61,"column":30}}},"fnMap":{"0":{"name":"deleteUser","decl":{"start":{"line":24,"column":9},"end":{"line":24,"column":19}},"loc":{"start":{"line":24,"column":31},"end":{"line":41,"column":1}},"line":24},"1":{"name":"(anonymous_1)","decl":{"start":{"line":33,"column":28},"end":{"line":33,"column":29}},"loc":{"start":{"line":33,"column":39},"end":{"line":37,"column":5}},"line":33},"2":{"name":"(anonymous_2)","decl":{"start":{"line":46,"column":2},"end":{"line":46,"column":3}},"loc":{"start":{"line":46,"column":13},"end":{"line":63,"column":1}},"line":46},"3":{"name":"(anonymous_3)","decl":{"start":{"line":47,"column":36},"end":{"line":47,"column":37}},"loc":{"start":{"line":47,"column":47},"end":{"line":62,"column":5}},"line":47}},"branchMap":{"0":{"loc":{"start":{"line":26,"column":4},"end":{"line":28,"column":5}},"type":"if","locations":[{"start":{"line":26,"column":4},"end":{"line":28,"column":5}},{"start":{},"end":{}}],"line":26},"1":{"loc":{"start":{"line":26,"column":8},"end":{"line":26,"column":45}},"type":"binary-expr","locations":[{"start":{"line":26,"column":8},"end":{"line":26,"column":11}},{"start":{"line":26,"column":15},"end":{"line":26,"column":24}},{"start":{"line":26,"column":28},"end":{"line":26,"column":35}},{"start":{"line":26,"column":39},"end":{"line":26,"column":45}}],"line":26},"2":{"loc":{"start":{"line":51,"column":8},"end":{"line":53,"column":9}},"type":"if","locations":[{"start":{"line":51,"column":8},"end":{"line":53,"column":9}},{"start":{},"end":{}}],"line":51},"3":{"loc":{"start":{"line":57,"column":8},"end":{"line":59,"column":9}},"type":"if","locations":[{"start":{"line":57,"column":8},"end":{"line":59,"column":9}},{"start":{},"end":{}}],"line":57}},"s":{"0":0,"1":0,"2":0,"3":0,"4":0,"5":0,"6":0,"7":0,"8":0,"9":0,"10":0,"11":0,"12":0,"13":0,"14":0,"15":0,"16":0,"17":0,"18":0,"19":0},"f":{"0":0,"1":0,"2":0,"3":0},"b":{"0":[0,0],"1":[0,0,0,0],"2":[0,0],"3":[0,0]}}
,"/home/balves/IdeaProjects/extract/extract/src/main/resources/static/js/requestsList.js": {"path":"/home/balves/IdeaProjects/extract/extract/src/main/resources/static/js/requestsList.js","statementMap":{"0":{"start":{"line":18,"column":40},"end":{"line":18,"column":44}},"1":{"start":{"line":19,"column":43},"end":{"line":19,"column":50}},"2":{"start":{"line":21,"column":31},"end":{"line":21,"column":35}},"3":{"start":{"line":24,"column":4},"end":{"line":24,"column":23}},"4":{"start":{"line":25,"column":4},"end":{"line":25,"column":25}},"5":{"start":{"line":34,"column":4},"end":{"line":36,"column":7}},"6":{"start":{"line":35,"column":8},"end":{"line":35,"column":33}},"7":{"start":{"line":37,"column":4},"end":{"line":42,"column":7}},"8":{"start":{"line":38,"column":8},"end":{"line":38,"column":86}},"9":{"start":{"line":39,"column":8},"end":{"line":41,"column":11}},"10":{"start":{"line":40,"column":12},"end":{"line":40,"column":36}},"11":{"start":{"line":57,"column":4},"end":{"line":59,"column":5}},"12":{"start":{"line":58,"column":8},"end":{"line":58,"column":15}},"13":{"start":{"line":61,"column":19},"end":{"line":61,"column":44}},"14":{"start":{"line":63,"column":4},"end":{"line":65,"column":5}},"15":{"start":{"line":64,"column":8},"end":{"line":64,"column":15}},"16":{"start":{"line":67,"column":4},"end":{"line":69,"column":5}},"17":{"start":{"line":68,"column":8},"end":{"line":68,"column":15}},"18":{"start":{"line":71,"column":25},"end":{"line":71,"column":49}},"19":{"start":{"line":73,"column":4},"end":{"line":75,"column":5}},"20":{"start":{"line":74,"column":8},"end":{"line":74,"column":15}},"21":{"start":{"line":77,"column":4},"end":{"line":77,"column":36}},"22":{"start":{"line":78,"column":4},"end":{"line":78,"column":29}},"23":{"start":{"line":80,"column":4},"end":{"line":80,"column":30}},"24":{"start":{"line":81,"column":4},"end":{"line":83,"column":31}},"25":{"start":{"line":82,"column":8},"end":{"line":82,"column":34}},"26":{"start":{"line":95,"column":4},"end":{"line":100,"column":7}},"27":{"start":{"line":122,"column":4},"end":{"line":122,"column":40}},"28":{"start":{"line":124,"column":21},"end":{"line":124,"column":34}},"29":{"start":{"line":127,"column":4},"end":{"line":130,"column":7}},"30":{"start":{"line":128,"column":8},"end":{"line":128,"column":76}},"31":{"start":{"line":129,"column":8},"end":{"line":129,"column":44}},"32":{"start":{"line":133,"column":4},"end":{"line":137,"column":7}},"33":{"start":{"line":134,"column":8},"end":{"line":136,"column":9}},"34":{"start":{"line":135,"column":12},"end":{"line":135,"column":42}},"35":{"start":{"line":139,"column":24},"end":{"line":140,"column":25}},"36":{"start":{"line":141,"column":17},"end":{"line":141,"column":33}},"37":{"start":{"line":143,"column":4},"end":{"line":145,"column":5}},"38":{"start":{"line":144,"column":8},"end":{"line":144,"column":73}},"39":{"start":{"line":147,"column":4},"end":{"line":153,"column":11}},"40":{"start":{"line":149,"column":12},"end":{"line":149,"column":61}},"41":{"start":{"line":152,"column":12},"end":{"line":152,"column":61}},"42":{"start":{"line":155,"column":24},"end":{"line":155,"column":55}},"43":{"start":{"line":157,"column":4},"end":{"line":161,"column":5}},"44":{"start":{"line":158,"column":8},"end":{"line":160,"column":35}},"45":{"start":{"line":159,"column":12},"end":{"line":159,"column":51}},"46":{"start":{"line":163,"column":4},"end":{"line":163,"column":25}},"47":{"start":{"line":175,"column":4},"end":{"line":177,"column":5}},"48":{"start":{"line":176,"column":8},"end":{"line":176,"column":15}},"49":{"start":{"line":180,"column":4},"end":{"line":180,"column":34}},"50":{"start":{"line":183,"column":16},"end":{"line":183,"column":34}},"51":{"start":{"line":184,"column":18},"end":{"line":184,"column":72}},"52":{"start":{"line":187,"column":4},"end":{"line":190,"column":5}},"53":{"start":{"line":188,"column":8},"end":{"line":188,"column":62}},"54":{"start":{"line":189,"column":8},"end":{"line":189,"column":68}},"55":{"start":{"line":193,"column":27},"end":{"line":197,"column":42}},"56":{"start":{"line":199,"column":4},"end":{"line":199,"column":39}},"57":{"start":{"line":200,"column":4},"end":{"line":200,"column":55}},"58":{"start":{"line":203,"column":4},"end":{"line":205,"column":14}},"59":{"start":{"line":204,"column":8},"end":{"line":204,"column":38}},"60":{"start":{"line":214,"column":4},"end":{"line":219,"column":5}},"61":{"start":{"line":215,"column":8},"end":{"line":217,"column":11}},"62":{"start":{"line":216,"column":12},"end":{"line":216,"column":29}},"63":{"start":{"line":218,"column":8},"end":{"line":218,"column":40}},"64":{"start":{"line":230,"column":4},"end":{"line":232,"column":5}},"65":{"start":{"line":231,"column":8},"end":{"line":231,"column":15}},"66":{"start":{"line":234,"column":19},"end":{"line":234,"column":44}},"67":{"start":{"line":236,"column":4},"end":{"line":238,"column":5}},"68":{"start":{"line":237,"column":8},"end":{"line":237,"column":15}},"69":{"start":{"line":240,"column":4},"end":{"line":242,"column":5}},"70":{"start":{"line":241,"column":8},"end":{"line":241,"column":15}},"71":{"start":{"line":244,"column":28},"end":{"line":244,"column":55}},"72":{"start":{"line":246,"column":4},"end":{"line":248,"column":5}},"73":{"start":{"line":247,"column":8},"end":{"line":247,"column":15}},"74":{"start":{"line":250,"column":22},"end":{"line":250,"column":43}},"75":{"start":{"line":252,"column":4},"end":{"line":254,"column":5}},"76":{"start":{"line":253,"column":8},"end":{"line":253,"column":15}},"77":{"start":{"line":256,"column":34},"end":{"line":256,"column":67}},"78":{"start":{"line":258,"column":4},"end":{"line":260,"column":5}},"79":{"start":{"line":259,"column":8},"end":{"line":259,"column":15}},"80":{"start":{"line":262,"column":4},"end":{"line":262,"column":42}},"81":{"start":{"line":263,"column":4},"end":{"line":263,"column":30}},"82":{"start":{"line":264,"column":4},"end":{"line":264,"column":54}},"83":{"start":{"line":265,"column":4},"end":{"line":265,"column":31}},"84":{"start":{"line":267,"column":4},"end":{"line":267,"column":27}},"85":{"start":{"line":268,"column":4},"end":{"line":270,"column":31}},"86":{"start":{"line":269,"column":8},"end":{"line":269,"column":31}},"87":{"start":{"line":280,"column":4},"end":{"line":280,"column":55}},"88":{"start":{"line":281,"column":4},"end":{"line":281,"column":47}},"89":{"start":{"line":282,"column":4},"end":{"line":282,"column":51}},"90":{"start":{"line":283,"column":4},"end":{"line":283,"column":85}},"91":{"start":{"line":284,"column":4},"end":{"line":284,"column":81}},"92":{"start":{"line":297,"column":4},"end":{"line":300,"column":5}},"93":{"start":{"line":298,"column":8},"end":{"line":298,"column":61}},"94":{"start":{"line":299,"column":8},"end":{"line":299,"column":15}},"95":{"start":{"line":302,"column":4},"end":{"line":302,"column":46}},"96":{"start":{"line":328,"column":18},"end":{"line":328,"column":20}},"97":{"start":{"line":336,"column":23},"end":{"line":336,"column":25}},"98":{"start":{"line":344,"column":21},"end":{"line":344,"column":23}},"99":{"start":{"line":351,"column":27},"end":{"line":351,"column":29}},"100":{"start":{"line":358,"column":25},"end":{"line":358,"column":27}},"101":{"start":{"line":369,"column":4},"end":{"line":369,"column":34}},"102":{"start":{"line":370,"column":4},"end":{"line":370,"column":44}},"103":{"start":{"line":371,"column":4},"end":{"line":371,"column":40}},"104":{"start":{"line":372,"column":4},"end":{"line":372,"column":47}},"105":{"start":{"line":373,"column":4},"end":{"line":373,"column":43}},"106":{"start":{"line":375,"column":4},"end":{"line":375,"column":16}},"107":{"start":{"line":381,"column":20},"end":{"line":381,"column":33}},"108":{"start":{"line":382,"column":28},"end":{"line":382,"column":44}},"109":{"start":{"line":384,"column":4},"end":{"line":414,"column":5}},"110":{"start":{"line":387,"column":12},"end":{"line":387,"column":40}},"111":{"start":{"line":388,"column":12},"end":{"line":388,"column":76}},"112":{"start":{"line":389,"column":12},"end":{"line":389,"column":18}},"113":{"start":{"line":392,"column":12},"end":{"line":392,"column":56}},"114":{"start":{"line":393,"column":12},"end":{"line":393,"column":70}},"115":{"start":{"line":394,"column":12},"end":{"line":394,"column":18}},"116":{"start":{"line":397,"column":12},"end":{"line":397,"column":39}},"117":{"start":{"line":398,"column":12},"end":{"line":398,"column":70}},"118":{"start":{"line":399,"column":12},"end":{"line":399,"column":18}},"119":{"start":{"line":402,"column":12},"end":{"line":402,"column":45}},"120":{"start":{"line":403,"column":12},"end":{"line":403,"column":70}},"121":{"start":{"line":404,"column":12},"end":{"line":404,"column":18}},"122":{"start":{"line":407,"column":12},"end":{"line":407,"column":42}},"123":{"start":{"line":408,"column":12},"end":{"line":408,"column":76}},"124":{"start":{"line":409,"column":12},"end":{"line":409,"column":18}},"125":{"start":{"line":412,"column":12},"end":{"line":412,"column":40}},"126":{"start":{"line":413,"column":12},"end":{"line":413,"column":40}},"127":{"start":{"line":416,"column":4},"end":{"line":416,"column":16}},"128":{"start":{"line":429,"column":4},"end":{"line":431,"column":5}},"129":{"start":{"line":430,"column":8},"end":{"line":430,"column":15}},"130":{"start":{"line":433,"column":19},"end":{"line":433,"column":65}},"131":{"start":{"line":434,"column":28},"end":{"line":434,"column":61}},"132":{"start":{"line":435,"column":17},"end":{"line":435,"column":69}},"133":{"start":{"line":436,"column":24},"end":{"line":436,"column":122}},"134":{"start":{"line":437,"column":4},"end":{"line":437,"column":92}},"135":{"start":{"line":439,"column":4},"end":{"line":441,"column":5}},"136":{"start":{"line":440,"column":8},"end":{"line":440,"column":93}},"137":{"start":{"line":443,"column":4},"end":{"line":443,"column":61}},"138":{"start":{"line":444,"column":19},"end":{"line":444,"column":37}},"139":{"start":{"line":445,"column":4},"end":{"line":445,"column":41}},"140":{"start":{"line":446,"column":4},"end":{"line":446,"column":35}},"141":{"start":{"line":447,"column":4},"end":{"line":447,"column":56}},"142":{"start":{"line":448,"column":4},"end":{"line":448,"column":44}},"143":{"start":{"line":450,"column":24},"end":{"line":450,"column":105}},"144":{"start":{"line":452,"column":4},"end":{"line":461,"column":5}},"145":{"start":{"line":452,"column":25},"end":{"line":452,"column":26}},"146":{"start":{"line":453,"column":23},"end":{"line":453,"column":48}},"147":{"start":{"line":454,"column":28},"end":{"line":454,"column":84}},"148":{"start":{"line":455,"column":23},"end":{"line":455,"column":51}},"149":{"start":{"line":456,"column":8},"end":{"line":456,"column":54}},"150":{"start":{"line":457,"column":8},"end":{"line":457,"column":67}},"151":{"start":{"line":458,"column":8},"end":{"line":458,"column":37}},"152":{"start":{"line":459,"column":8},"end":{"line":459,"column":39}},"153":{"start":{"line":460,"column":8},"end":{"line":460,"column":44}},"154":{"start":{"line":463,"column":4},"end":{"line":463,"column":44}},"155":{"start":{"line":464,"column":4},"end":{"line":464,"column":45}},"156":{"start":{"line":465,"column":4},"end":{"line":465,"column":42}},"157":{"start":{"line":477,"column":4},"end":{"line":477,"column":50}},"158":{"start":{"line":488,"column":4},"end":{"line":584,"column":6}},"159":{"start":{"line":500,"column":16},"end":{"line":520,"column":17}},"160":{"start":{"line":502,"column":24},"end":{"line":502,"column":75}},"161":{"start":{"line":503,"column":24},"end":{"line":503,"column":30}},"162":{"start":{"line":506,"column":24},"end":{"line":506,"column":59}},"163":{"start":{"line":507,"column":24},"end":{"line":507,"column":30}},"164":{"start":{"line":510,"column":24},"end":{"line":510,"column":59}},"165":{"start":{"line":511,"column":24},"end":{"line":511,"column":30}},"166":{"start":{"line":514,"column":24},"end":{"line":514,"column":60}},"167":{"start":{"line":515,"column":24},"end":{"line":515,"column":30}},"168":{"start":{"line":518,"column":24},"end":{"line":518,"column":59}},"169":{"start":{"line":519,"column":24},"end":{"line":519,"column":30}},"170":{"start":{"line":522,"column":16},"end":{"line":522,"column":75}},"171":{"start":{"line":532,"column":20},"end":{"line":533,"column":68}},"172":{"start":{"line":536,"column":20},"end":{"line":536,"column":85}},"173":{"start":{"line":546,"column":20},"end":{"line":548,"column":59}},"174":{"start":{"line":551,"column":20},"end":{"line":551,"column":99}},"175":{"start":{"line":563,"column":34},"end":{"line":563,"column":43}},"176":{"start":{"line":565,"column":16},"end":{"line":567,"column":17}},"177":{"start":{"line":566,"column":20},"end":{"line":566,"column":76}},"178":{"start":{"line":569,"column":16},"end":{"line":569,"column":35}},"179":{"start":{"line":579,"column":20},"end":{"line":579,"column":72}},"180":{"start":{"line":604,"column":26},"end":{"line":604,"column":54}},"181":{"start":{"line":605,"column":4},"end":{"line":605,"column":40}},"182":{"start":{"line":606,"column":4},"end":{"line":606,"column":46}},"183":{"start":{"line":607,"column":4},"end":{"line":607,"column":46}},"184":{"start":{"line":608,"column":4},"end":{"line":608,"column":41}},"185":{"start":{"line":609,"column":21},"end":{"line":609,"column":41}},"186":{"start":{"line":611,"column":4},"end":{"line":613,"column":5}},"187":{"start":{"line":612,"column":8},"end":{"line":612,"column":48}},"188":{"start":{"line":615,"column":4},"end":{"line":619,"column":6}},"189":{"start":{"line":620,"column":4},"end":{"line":620,"column":73}},"190":{"start":{"line":622,"column":4},"end":{"line":622,"column":27}},"191":{"start":{"line":635,"column":24},"end":{"line":635,"column":66}},"192":{"start":{"line":637,"column":4},"end":{"line":639,"column":5}},"193":{"start":{"line":638,"column":8},"end":{"line":638,"column":37}},"194":{"start":{"line":641,"column":4},"end":{"line":641,"column":43}},"195":{"start":{"line":654,"column":4},"end":{"line":656,"column":5}},"196":{"start":{"line":655,"column":8},"end":{"line":655,"column":18}},"197":{"start":{"line":658,"column":27},"end":{"line":658,"column":47}},"198":{"start":{"line":659,"column":27},"end":{"line":659,"column":67}},"199":{"start":{"line":661,"column":4},"end":{"line":663,"column":5}},"200":{"start":{"line":662,"column":8},"end":{"line":662,"column":32}},"201":{"start":{"line":665,"column":4},"end":{"line":665,"column":71}},"202":{"start":{"line":674,"column":4},"end":{"line":680,"column":20}},"203":{"start":{"line":690,"column":4},"end":{"line":692,"column":5}},"204":{"start":{"line":691,"column":8},"end":{"line":691,"column":15}},"205":{"start":{"line":694,"column":4},"end":{"line":732,"column":7}},"206":{"start":{"line":699,"column":12},"end":{"line":712,"column":13}},"207":{"start":{"line":700,"column":16},"end":{"line":700,"column":110}},"208":{"start":{"line":702,"column":16},"end":{"line":706,"column":17}},"209":{"start":{"line":703,"column":20},"end":{"line":703,"column":100}},"210":{"start":{"line":704,"column":20},"end":{"line":704,"column":60}},"211":{"start":{"line":705,"column":20},"end":{"line":705,"column":27}},"212":{"start":{"line":708,"column":16},"end":{"line":708,"column":57}},"213":{"start":{"line":710,"column":16},"end":{"line":710,"column":75}},"214":{"start":{"line":711,"column":16},"end":{"line":711,"column":57}},"215":{"start":{"line":716,"column":30},"end":{"line":716,"column":73}},"216":{"start":{"line":717,"column":12},"end":{"line":721,"column":13}},"217":{"start":{"line":718,"column":16},"end":{"line":718,"column":96}},"218":{"start":{"line":719,"column":16},"end":{"line":719,"column":56}},"219":{"start":{"line":720,"column":16},"end":{"line":720,"column":23}},"220":{"start":{"line":723,"column":12},"end":{"line":727,"column":13}},"221":{"start":{"line":724,"column":16},"end":{"line":724,"column":73}},"222":{"start":{"line":725,"column":16},"end":{"line":725,"column":57}},"223":{"start":{"line":726,"column":16},"end":{"line":726,"column":23}},"224":{"start":{"line":729,"column":12},"end":{"line":729,"column":42}},"225":{"start":{"line":730,"column":12},"end":{"line":730,"column":41}},"226":{"start":{"line":742,"column":4},"end":{"line":744,"column":5}},"227":{"start":{"line":743,"column":8},"end":{"line":743,"column":15}},"228":{"start":{"line":746,"column":4},"end":{"line":761,"column":7}},"229":{"start":{"line":749,"column":12},"end":{"line":749,"column":76}},"230":{"start":{"line":753,"column":12},"end":{"line":755,"column":13}},"231":{"start":{"line":754,"column":16},"end":{"line":754,"column":80}},"232":{"start":{"line":757,"column":12},"end":{"line":757,"column":64}},"233":{"start":{"line":758,"column":12},"end":{"line":758,"column":51}},"234":{"start":{"line":759,"column":12},"end":{"line":759,"column":77}},"235":{"start":{"line":773,"column":4},"end":{"line":775,"column":5}},"236":{"start":{"line":774,"column":8},"end":{"line":774,"column":15}},"237":{"start":{"line":777,"column":4},"end":{"line":777,"column":27}},"238":{"start":{"line":779,"column":23},"end":{"line":779,"column":25}},"239":{"start":{"line":780,"column":26},"end":{"line":780,"column":28}},"240":{"start":{"line":782,"column":4},"end":{"line":790,"column":5}},"241":{"start":{"line":782,"column":25},"end":{"line":782,"column":26}},"242":{"start":{"line":783,"column":23},"end":{"line":783,"column":48}},"243":{"start":{"line":785,"column":8},"end":{"line":789,"column":9}},"244":{"start":{"line":786,"column":12},"end":{"line":786,"column":43}},"245":{"start":{"line":788,"column":12},"end":{"line":788,"column":40}},"246":{"start":{"line":792,"column":4},"end":{"line":792,"column":85}},"247":{"start":{"line":793,"column":4},"end":{"line":793,"column":79}},"248":{"start":{"line":800,"column":0},"end":{"line":809,"column":3}},"249":{"start":{"line":801,"column":4},"end":{"line":803,"column":7}},"250":{"start":{"line":805,"column":4},"end":{"line":805,"column":27}},"251":{"start":{"line":806,"column":4},"end":{"line":808,"column":12}},"252":{"start":{"line":807,"column":8},"end":{"line":807,"column":31}}},"fnMap":{"0":{"name":"addSortAndSearchInfo","decl":{"start":{"line":23,"column":9},"end":{"line":23,"column":29}},"loc":{"start":{"line":23,"column":36},"end":{"line":26,"column":1}},"line":23},"1":{"name":"defineRowClick","decl":{"start":{"line":33,"column":9},"end":{"line":33,"column":23}},"loc":{"start":{"line":33,"column":26},"end":{"line":43,"column":1}},"line":33},"2":{"name":"(anonymous_2)","decl":{"start":{"line":34,"column":34},"end":{"line":34,"column":35}},"loc":{"start":{"line":34,"column":45},"end":{"line":36,"column":5}},"line":34},"3":{"name":"(anonymous_3)","decl":{"start":{"line":37,"column":42},"end":{"line":37,"column":43}},"loc":{"start":{"line":37,"column":53},"end":{"line":42,"column":5}},"line":37},"4":{"name":"(anonymous_4)","decl":{"start":{"line":39,"column":28},"end":{"line":39,"column":29}},"loc":{"start":{"line":39,"column":44},"end":{"line":41,"column":9}},"line":39},"5":{"name":"loadConnectors","decl":{"start":{"line":55,"column":9},"end":{"line":55,"column":23}},"loc":{"start":{"line":55,"column":67},"end":{"line":84,"column":1}},"line":55},"6":{"name":"(anonymous_6)","decl":{"start":{"line":81,"column":16},"end":{"line":81,"column":17}},"loc":{"start":{"line":81,"column":27},"end":{"line":83,"column":5}},"line":81},"7":{"name":"loadDatepickers","decl":{"start":{"line":93,"column":9},"end":{"line":93,"column":24}},"loc":{"start":{"line":93,"column":35},"end":{"line":101,"column":1}},"line":93},"8":{"name":"loadRequestsTable","decl":{"start":{"line":118,"column":9},"end":{"line":118,"column":26}},"loc":{"start":{"line":119,"column":22},"end":{"line":164,"column":1}},"line":119},"9":{"name":"(anonymous_9)","decl":{"start":{"line":127,"column":34},"end":{"line":127,"column":35}},"loc":{"start":{"line":127,"column":75},"end":{"line":130,"column":5}},"line":127},"10":{"name":"(anonymous_10)","decl":{"start":{"line":133,"column":29},"end":{"line":133,"column":30}},"loc":{"start":{"line":133,"column":62},"end":{"line":137,"column":5}},"line":133},"11":{"name":"(anonymous_11)","decl":{"start":{"line":148,"column":36},"end":{"line":148,"column":37}},"loc":{"start":{"line":148,"column":42},"end":{"line":150,"column":9}},"line":148},"12":{"name":"(anonymous_12)","decl":{"start":{"line":151,"column":23},"end":{"line":151,"column":24}},"loc":{"start":{"line":151,"column":29},"end":{"line":153,"column":9}},"
[...]
"column":5}},"type":"if","locations":[{"start":{"line":611,"column":4},"end":{"line":613,"column":5}},{"start":{},"end":{}}],"line":611},"38":{"loc":{"start":{"line":611,"column":8},"end":{"line":611,"column":44}},"type":"binary-expr","locations":[{"start":{"line":611,"column":8},"end":{"line":611,"column":26}},{"start":{"line":611,"column":30},"end":{"line":611,"column":44}}],"line":611},"39":{"loc":{"start":{"line":637,"column":4},"end":{"line":639,"column":5}},"type":"if","locations":[{"start":{"line":637,"column":4},"end":{"line":639,"column":5}},{"start":{},"end":{}}],"line":637},"40":{"loc":{"start":{"line":641,"column":11},"end":{"line":641,"column":42}},"type":"cond-expr","locations":[{"start":{"line":641,"column":28},"end":{"line":641,"column":34}},{"start":{"line":641,"column":37},"end":{"line":641,"column":42}}],"line":641},"41":{"loc":{"start":{"line":654,"column":4},"end":{"line":656,"column":5}},"type":"if","locations":[{"start":{"line":654,"column":4},"end":{"line":656,"column":5}},{"start":{},"end":{}}],"line":654},"42":{"loc":{"start":{"line":654,"column":8},"end":{"line":654,"column":46}},"type":"binary-expr","locations":[{"start":{"line":654,"column":8},"end":{"line":654,"column":26}},{"start":{"line":654,"column":30},"end":{"line":654,"column":46}}],"line":654},"43":{"loc":{"start":{"line":661,"column":4},"end":{"line":663,"column":5}},"type":"if","locations":[{"start":{"line":661,"column":4},"end":{"line":663,"column":5}},{"start":{},"end":{}}],"line":661},"44":{"loc":{"start":{"line":690,"column":4},"end":{"line":692,"column":5}},"type":"if","locations":[{"start":{"line":690,"column":4},"end":{"line":692,"column":5}},{"start":{},"end":{}}],"line":690},"45":{"loc":{"start":{"line":690,"column":8},"end":{"line":690,"column":42}},"type":"binary-expr","locations":[{"start":{"line":690,"column":8},"end":{"line":690,"column":23}},{"start":{"line":690,"column":27},"end":{"line":690,"column":42}}],"line":690},"46":{"loc":{"start":{"line":699,"column":12},"end":{"line":712,"column":13}},"type":"if","locations":[{"start":{"line":699,"column":12},"end":{"line":712,"column":13}},{"start":{"line":709,"column":19},"end":{"line":712,"column":13}}],"line":699},"47":{"loc":{"start":{"line":699,"column":16},"end":{"line":699,"column":98}},"type":"binary-expr","locations":[{"start":{"line":699,"column":16},"end":{"line":699,"column":32}},{"start":{"line":699,"column":36},"end":{"line":699,"column":54}},{"start":{"line":699,"column":58},"end":{"line":699,"column":76}},{"start":{"line":699,"column":80},"end":{"line":699,"column":98}}],"line":699},"48":{"loc":{"start":{"line":702,"column":16},"end":{"line":706,"column":17}},"type":"if","locations":[{"start":{"line":702,"column":16},"end":{"line":706,"column":17}},{"start":{},"end":{}}],"line":702},"49":{"loc":{"start":{"line":702,"column":20},"end":{"line":702,"column":82}},"type":"binary-expr","locations":[{"start":{"line":702,"column":20},"end":{"line":702,"column":36}},{"start":{"line":702,"column":40},"end":{"line":702,"column":82}}],"line":702},"50":{"loc":{"start":{"line":716,"column":30},"end":{"line":716,"column":73}},"type":"binary-expr","locations":[{"start":{"line":716,"column":30},"end":{"line":716,"column":67}},{"start":{"line":716,"column":71},"end":{"line":716,"column":73}}],"line":716},"51":{"loc":{"start":{"line":717,"column":12},"end":{"line":721,"column":13}},"type":"if","locations":[{"start":{"line":717,"column":12},"end":{"line":721,"column":13}},{"start":{},"end":{}}],"line":717},"52":{"loc":{"start":{"line":723,"column":12},"end":{"line":727,"column":13}},"type":"if","locations":[{"start":{"line":723,"column":12},"end":{"line":727,"column":13}},{"start":{},"end":{}}],"line":723},"53":{"loc":{"start":{"line":723,"column":16},"end":{"line":723,"column":45}},"type":"binary-expr","locations":[{"start":{"line":723,"column":16},"end":{"line":723,"column":21}},{"start":{"line":723,"column":25},"end":{"line":723,"column":45}}],"line":723},"54":{"loc":{"start":{"line":742,"column":4},"end":{"line":744,"column":5}},"type":"if","locations":[{"start":{"line":742,"column":4},"end":{"line":744,"column":5}},{"start":{},"end":{}}],"line":742},"55":{"loc":{"start":{"line":742,"column":8},"end":{"line":742,"column":91}},"type":"binary-expr","locations":[{"start":{"line":742,"column":8},"end":{"line":742,"column":25}},{"start":{"line":742,"column":29},"end":{"line":742,"column":47}},{"start":{"line":742,"column":51},"end":{"line":742,"column":63}},{"start":{"line":742,"column":67},"end":{"line":742,"column":91}}],"line":742},"56":{"loc":{"start":{"line":753,"column":12},"end":{"line":755,"column":13}},"type":"if","locations":[{"start":{"line":753,"column":12},"end":{"line":755,"column":13}},{"start":{},"end":{}}],"line":753},"57":{"loc":{"start":{"line":773,"column":4},"end":{"line":775,"column":5}},"type":"if","locations":[{"start":{"line":773,"column":4},"end":{"line":775,"column":5}},{"start":{},"end":{}}],"line":773},"58":{"loc":{"start":{"line":773,"column":8},"end":{"line":773,"column":42}},"type":"binary-expr","locations":[{"start":{"line":773,"column":8},"end":{"line":773,"column":23}},{"start":{"line":773,"column":27},"end":{"line":773,"column":42}}],"line":773},"59":{"loc":{"start":{"line":785,"column":8},"end":{"line":789,"column":9}},"type":"if","locations":[{"start":{"line":785,"column":8},"end":{"line":789,"column":9}},{"start":{"line":787,"column":15},"end":{"line":789,"column":9}}],"line":785}},"s":{"0":0,"1":0,"2":0,"3":0,"4":0,"5":0,"6":0,"7":0,"8":0,"9":0,"10":0,"11":0,"12":0,"13":0,"14":0,"15":0,"16":0,"17":0,"18":0,"19":0,"20":0,"21":0,"22":0,"23":0,"24":0,"25":0,"26":0,"27":0,"28":0,"29":0,"30":0,"31":0,"32":0,"33":0,"34":0,"35":0,"36":0,"37":0,"38":0,"39":0,"40":0,"41":0,"42":0,"43":0,"44":0,"45":0,"46":0,"47":0,"48":0,"49":0,"50":0,"51":0,"52":0,"53":0,"54":0,"55":0,"56":0,"57":0,"58":0,"59":0,"60":0,"61":0,"62":0,"63":0,"64":0,"65":0,"66":0,"67":0,"68":0,"69":0,"70":0,"71":0,"72":0,"73":0,"74":0,"75":0,"76":0,"77":0,"78":0,"79":0,"80":0,"81":0,"82":0,"83":0,"84":0,"85":0,"86":0,"87":0,"88":0,"89":0,"90":0,"91":0,"92":0,"93":0,"94":0,"95":0,"96":0,"97":0,"98":0,"99":0,"100":0,"101":0,"102":0,"103":0,"104":0,"105":0,"106":0,"107":0,"108":0,"109":0,"110":0,"111":0,"112":0,"113":0,"114":0,"115":0,"116":0,"117":0,"118":0,"119":0,"120":0,"121":0,"122":0,"123":0,"124":0,"125":0,"126":0,"127":0,"128":0,"129":0,"130":0,"131":0,"132":0,"133":0,"134":0,"135":0,"136":0,"137":0,"138":0,"139":0,"140":0,"141":0,"142":0,"143":0,"144":0,"145":0,"146":0,"147":0,"148":0,"149":0,"150":0,"151":0,"152":0,"153":0,"154":0,"155":0,"156":0,"157":0,"158":0,"159":0,"160":0,"161":0,"162":0,"163":0,"164":0,"165":0,"166":0,"167":0,"168":0,"169":0,"170":0,"171":0,"172":0,"173":0,"174":0,"175":0,"176":0,"177":0,"178":0,"179":0,"180":0,"181":0,"182":0,"183":0,"184":0,"185":0,"186":0,"187":0,"188":0,"189":0,"190":0,"191":0,"192":0,"193":0,"194":0,"195":0,"196":0,"197":0,"198":0,"199":0,"200":0,"201":0,"202":0,"203":0,"204":0,"205":0,"206":0,"207":0,"208":0,"209":0,"210":0,"211":0,"212":0,"213":0,"214":0,"215":0,"216":0,"217":0,"218":0,"219":0,"220":0,"221":0,"222":0,"223":0,"224":0,"225":0,"226":0,"227":0,"228":0,"229":0,"230":0,"231":0,"232":0,"233":0,"234":0,"235":0,"236":0,"237":0,"238":0,"239":0,"240":0,"241":0,"242":0,"243":0,"244":0,"245":0,"246":0,"247":0,"248":0,"249":0,"250":0,"251":0,"252":0},"f":{"0":0,"1":0,"2":0,"3":0,"4":0,"5":0,"6":0,"7":0,"8":0,"9":0,"10":0,"11":0,"12":0,"13":0,"14":0,"15":0,"16":0,"17":0,"18":0,"19":0,"20":0,"21":0,"22":0,"23":0,"24":0,"25":0,"26":0,"27":0,"28":0,"29":0,"30":0,"31":0,"32":0,"33":0,"34":0,"35":0,"36":0,"37":0,"38":0,"39":0,"40":0,"41":0,"42":0,"43":0,"44":0,"45":0,"46":0},"b":{"0":[0,0],"1":[0,0],"2":[0,0],"3":[0,0],"4":[0,0],"5":[0,0],"6":[0,0],"7":[0,0],"8":[0,0],"9":[0,0],"10":[0,0],"11":[0,0],"12":[0,0,0,0],"13":[0,0],"14":[0,0],"15":[0,0],"16":[0,0],"17":[0,0],"18":[0,0],"19":[0,0],"20":[0,0],"21":[0,0],"22":[0,0],"23":[0,0],"24":[0,0],"25":[0,0],"26":[0,0],"27":[0,0,0,0,0,0],"28":[0,0],"29":[0,0],"30":[0,0],"31":[0,0],"32":[0,0],"33":[0,0],"34":[0,0],"35":[0,0,0,0,0],"36":[0,0],"37":[0,0],"38":[0,0],"39":[0,0],"40":[0,0],"41":[0,0],"42":[0,0],"43":[0,0],"44":[0,0],"45":[0,0],"46":[0,0],"47":[0,0,0,0],"48":[0,0],"49":[0,0],"50":[0,0],"51":[0,0],"52":[0,0],"53":[0,0],"54":[0,0],"55":[0,0,0,0],"56":[0,0],"57":[0,0],"58":[0,0],"59":[0,0]}}
,"/home/balves/IdeaProjects/extract/extract/src/main/resources/static/js/userDetails.js": {"path":"/home/balves/IdeaProjects/extract/extract/src/main/resources/static/js/userDetails.js","statementMap":{"0":{"start":{"line":10,"column":4},"end":{"line":10,"column":28}},"1":{"start":{"line":14,"column":28},"end":{"line":14,"column":62}},"2":{"start":{"line":15,"column":28},"end":{"line":18,"column":5}},"3":{"start":{"line":16,"column":8},"end":{"line":16,"column":43}},"4":{"start":{"line":17,"column":8},"end":{"line":17,"column":32}},"5":{"start":{"line":19,"column":4},"end":{"line":19,"column":144}},"6":{"start":{"line":23,"column":4},"end":{"line":23,"column":65}},"7":{"start":{"line":27,"column":4},"end":{"line":27,"column":68}},"8":{"start":{"line":31,"column":4},"end":{"line":31,"column":67}},"9":{"start":{"line":35,"column":4},"end":{"line":35,"column":66}},"10":{"start":{"line":39,"column":4},"end":{"line":39,"column":55}}},"fnMap":{"0":{"name":"submitUserData","decl":{"start":{"line":9,"column":9},"end":{"line":9,"column":23}},"loc":{"start":{"line":9,"column":26},"end":{"line":11,"column":1}},"line":9},"1":{"name":"_submitAction","decl":{"start":{"line":13,"column":9},"end":{"line":13,"column":22}},"loc":{"start":{"line":13,"column":42},"end":{"line":20,"column":1}},"line":13},"2":{"name":"(anonymous_2)","decl":{"start":{"line":15,"column":28},"end":{"line":15,"column":29}},"loc":{"start":{"line":15,"column":39},"end":{"line":18,"column":5}},"line":15},"3":{"name":"submitUserMigrate","decl":{"start":{"line":22,"column":9},"end":{"line":22,"column":26}},"loc":{"start":{"line":22,"column":32},"end":{"line":24,"column":1}},"line":22},"4":{"name":"submitDisable2fa","decl":{"start":{"line":26,"column":9},"end":{"line":26,"column":25}},"loc":{"start":{"line":26,"column":31},"end":{"line":28,"column":1}},"line":26},"5":{"name":"submitEnable2fa","decl":{"start":{"line":30,"column":9},"end":{"line":30,"column":24}},"loc":{"start":{"line":30,"column":30},"end":{"line":32,"column":1}},"line":30},"6":{"name":"submitReset2fa","decl":{"start":{"line":34,"column":9},"end":{"line":34,"column":23}},"loc":{"start":{"line":34,"column":29},"end":{"line":36,"column":1}},"line":34},"7":{"name":"processProfileChange","decl":{"start":{"line":38,"column":9},"end":{"line":38,"column":29}},"loc":{"start":{"line":38,"column":45},"end":{"line":40,"column":1}},"line":38}},"branchMap":{},"s":{"0":0,"1":0,"2":0,"3":0,"4":0,"5":0,"6":0,"7":0,"8":0,"9":0,"10":0},"f":{"0":0,"1":0,"2":0,"3":0,"4":0,"5":0,"6":0,"7":0},"b":{}}
,"/home/balves/IdeaProjects/extract/extract/src/main/resources/static/js/userGroupDetails.js": {"path":"/home/balves/IdeaProjects/extract/extract/src/main/resources/static/js/userGroupDetails.js","statementMap":{"0":{"start":{"line":10,"column":28},"end":{"line":10,"column":54}},"1":{"start":{"line":11,"column":4},"end":{"line":11,"column":52}},"2":{"start":{"line":12,"column":4},"end":{"line":12,"column":33}},"3":{"start":{"line":15,"column":0},"end":{"line":27,"column":3}},"4":{"start":{"line":17,"column":4},"end":{"line":17,"column":63}},"5":{"start":{"line":19,"column":4},"end":{"line":21,"column":7}},"6":{"start":{"line":23,"column":24},"end":{"line":23,"column":55}},"7":{"start":{"line":24,"column":4},"end":{"line":24,"column":35}},"8":{"start":{"line":25,"column":4},"end":{"line":25,"column":34}}},"fnMap":{"0":{"name":"submitUserGroupData","decl":{"start":{"line":9,"column":9},"end":{"line":9,"column":28}},"loc":{"start":{"line":9,"column":31},"end":{"line":13,"column":1}},"line":9},"1":{"name":"(anonymous_1)","decl":{"start":{"line":15,"column":2},"end":{"line":15,"column":3}},"loc":{"start":{"line":15,"column":14},"end":{"line":27,"column":1}},"line":15}},"branchMap":{},"s":{"0":0,"1":0,"2":0,"3":0,"4":0,"5":0,"6":0,"7":0,"8":0},"f":{"0":0,"1":0},"b":{}}
,"/home/balves/IdeaProjects/extract/extract/src/main/resources/static/js/userGroupsList.js": {"path":"/home/balves/IdeaProjects/extract/extract/src/main/resources/static/js/userGroupsList.js","statementMap":{"0":{"start":{"line":27,"column":4},"end":{"line":29,"column":5}},"1":{"start":{"line":28,"column":8},"end":{"line":28,"column":15}},"2":{"start":{"line":31,"column":29},"end":{"line":31,"column":71}},"3":{"start":{"line":32,"column":28},"end":{"line":32,"column":62}},"4":{"start":{"line":33,"column":18},"end":{"line":33,"column":67}},"5":{"start":{"line":34,"column":28},"end":{"line":38,"column":5}},"6":{"start":{"line":35,"column":8},"end":{"line":35,"column":34}},"7":{"start":{"line":36,"column":8},"end":{"line":36,"column":38}},"8":{"start":{"line":37,"column":8},"end":{"line":37,"column":37}},"9":{"start":{"line":40,"column":4},"end":{"line":41,"column":34}},"10":{"start":{"line":47,"column":0},"end":{"line":64,"column":3}},"11":{"start":{"line":48,"column":4},"end":{"line":63,"column":7}},"12":{"start":{"line":49,"column":22},"end":{"line":49,"column":29}},"13":{"start":{"line":50,"column":17},"end":{"line":50,"column":74}},"14":{"start":{"line":52,"column":8},"end":{"line":54,"column":9}},"15":{"start":{"line":53,"column":12},"end":{"line":53,"column":19}},"16":{"start":{"line":56,"column":20},"end":{"line":56,"column":72}},"17":{"start":{"line":58,"column":8},"end":{"line":60,"column":9}},"18":{"start":{"line":59,"column":12},"end":{"line":59,"column":19}},"19":{"start":{"line":62,"column":8},"end":{"line":62,"column":35}}},"fnMap":{"0":{"name":"deleteUserGroup","decl":{"start":{"line":25,"column":9},"end":{"line":25,"column":24}},"loc":{"start":{"line":25,"column":35},"end":{"line":42,"column":1}},"line":25},"1":{"name":"(anonymous_1)","decl":{"start":{"line":34,"column":28},"end":{"line":34,"column":29}},"loc":{"start":{"line":34,"column":39},"end":{"line":38,"column":5}},"line":34},"2":{"name":"(anonymous_2)","decl":{"start":{"line":47,"column":2},"end":{"line":47,"column":3}},"loc":{"start":{"line":47,"column":13},"end":{"line":64,"column":1}},"line":47},"3":{"name":"(anonymous_3)","decl":{"start":{"line":48,"column":36},"end":{"line":48,"column":37}},"loc":{"start":{"line":48,"column":47},"end":{"line":63,"column":5}},"line":48}},"branchMap":{"0":{"loc":{"start":{"line":27,"column":4},"end":{"line":29,"column":5}},"type":"if","locations":[{"start":{"line":27,"column":4},"end":{"line":29,"column":5}},{"start":{},"end":{}}],"line":27},"1":{"loc":{"start":{"line":27,"column":8},"end":{"line":27,"column":44}},"type":"binary-expr","locations":[{"start":{"line":27,"column":8},"end":{"line":27,"column":11}},{"start":{"line":27,"column":15},"end":{"line":27,"column":24}},{"start":{"line":27,"column":28},"end":{"line":27,"column":35}},{"start":{"line":27,"column":39},"end":{"line":27,"column":44}}],"line":27},"2":{"loc":{"start":{"line":52,"column":8},"end":{"line":54,"column":9}},"type":"if","locations":[{"start":{"line":52,"column":8},"end":{"line":54,"column":9}},{"start":{},"end":{}}],"line":52},"3":{"loc":{"start":{"line":58,"column":8},"end":{"line":60,"column":9}},"type":"if","locations":[{"start":{"line":58,"column":8},"end":{"line":60,"column":9}},{"start":{},"end":{}}],"line":58}},"s":{"0":0,"1":0,"2":0,"3":0,"4":0,"5":0,"6":0,"7":0,"8":0,"9":0,"10":0,"11":0,"12":0,"13":0,"14":0,"15":0,"16":0,"17":0,"18":0,"19":0},"f":{"0":0,"1":0,"2":0,"3":0},"b":{"0":[0,0],"1":[0,0,0,0],"2":[0,0],"3":[0,0]}}
,"/home/balves/IdeaProjects/extract/extract/src/main/resources/static/js/usersList.js": {"path":"/home/balves/IdeaProjects/extract/extract/src/main/resources/static/js/usersList.js","statementMap":{"0":{"start":{"line":27,"column":4},"end":{"line":29,"column":5}},"1":{"start":{"line":28,"column":8},"end":{"line":28,"column":15}},"2":{"start":{"line":31,"column":29},"end":{"line":31,"column":66}},"3":{"start":{"line":32,"column":28},"end":{"line":32,"column":62}},"4":{"start":{"line":33,"column":18},"end":{"line":33,"column":68}},"5":{"start":{"line":34,"column":28},"end":{"line":38,"column":5}},"6":{"start":{"line":35,"column":8},"end":{"line":35,"column":29}},"7":{"start":{"line":36,"column":8},"end":{"line":36,"column":35}},"8":{"start":{"line":37,"column":8},"end":{"line":37,"column":32}},"9":{"start":{"line":40,"column":4},"end":{"line":41,"column":34}},"10":{"start":{"line":47,"column":0},"end":{"line":64,"column":3}},"11":{"start":{"line":48,"column":4},"end":{"line":63,"column":7}},"12":{"start":{"line":49,"column":22},"end":{"line":49,"column":29}},"13":{"start":{"line":50,"column":17},"end":{"line":50,"column":74}},"14":{"start":{"line":52,"column":8},"end":{"line":54,"column":9}},"15":{"start":{"line":53,"column":12},"end":{"line":53,"column":19}},"16":{"start":{"line":56,"column":20},"end":{"line":56,"column":73}},"17":{"start":{"line":58,"column":8},"end":{"line":60,"column":9}},"18":{"start":{"line":59,"column":12},"end":{"line":59,"column":19}},"19":{"start":{"line":62,"column":8},"end":{"line":62,"column":30}}},"fnMap":{"0":{"name":"deleteUser","decl":{"start":{"line":25,"column":9},"end":{"line":25,"column":19}},"loc":{"start":{"line":25,"column":31},"end":{"line":42,"column":1}},"line":25},"1":{"name":"(anonymous_1)","decl":{"start":{"line":34,"column":28},"end":{"line":34,"column":29}},"loc":{"start":{"line":34,"column":39},"end":{"line":38,"column":5}},"line":34},"2":{"name":"(anonymous_2)","decl":{"start":{"line":47,"column":2},"end":{"line":47,"column":3}},"loc":{"start":{"line":47,"column":13},"end":{"line":64,"column":1}},"line":47},"3":{"name":"(anonymous_3)","decl":{"start":{"line":48,"column":36},"end":{"line":48,"column":37}},"loc":{"start":{"line":48,"column":47},"end":{"line":63,"column":5}},"line":48}},"branchMap":{"0":{"loc":{"start":{"line":27,"column":4},"end":{"line":29,"column":5}},"type":"if","locations":[{"start":{"line":27,"column":4},"end":{"line":29,"column":5}},{"start":{},"end":{}}],"line":27},"1":{"loc":{"start":{"line":27,"column":8},"end":{"line":27,"column":45}},"type":"binary-expr","locations":[{"start":{"line":27,"column":8},"end":{"line":27,"column":11}},{"start":{"line":27,"column":15},"end":{"line":27,"column":24}},{"start":{"line":27,"column":28},"end":{"line":27,"column":35}},{"start":{"line":27,"column":39},"end":{"line":27,"column":45}}],"line":27},"2":{"loc":{"start":{"line":52,"column":8},"end":{"line":54,"column":9}},"type":"if","locations":[{"start":{"line":52,"column":8},"end":{"line":54,"column":9}},{"start":{},"end":{}}],"line":52},"3":{"loc":{"start":{"line":58,"column":8},"end":{"line":60,"column":9}},"type":"if","locations":[{"start":{"line":58,"column":8},"end":{"line":60,"column":9}},{"start":{},"end":{}}],"line":58}},"s":{"0":0,"1":0,"2":0,"3":0,"4":0,"5":0,"6":0,"7":0,"8":0,"9":0,"10":0,"11":0,"12":0,"13":0,"14":0,"15":0,"16":0,"17":0,"18":0,"19":0},"f":{"0":0,"1":0,"2":0,"3":0},"b":{"0":[0,0],"1":[0,0,0,0],"2":[0,0],"3":[0,0]}}
,"/home/balves/IdeaProjects/extract/extract/src/main/resources/static/js/requestMap/map.js": {"path":"/home/balves/IdeaProjects/extract/extract/src/main/resources/static/js/requestMap/map.js","statementMap":{"0":{"start":{"line":20,"column":4},"end":{"line":37,"column":7}},"1":{"start":{"line":21,"column":28},"end":{"line":24,"column":10}},"2":{"start":{"line":26,"column":8},"end":{"line":36,"column":12}}},"fnMap":{"0":{"name":"initializeMap","decl":{"start":{"line":18,"column":9},"end":{"line":18,"column":22}},"loc":{"start":{"line":18,"column":25},"end":{"line":38,"column":1}},"line":18},"1":{"name":"(anonymous_1)","decl":{"start":{"line":20,"column":23},"end":{"line":20,"column":24}},"loc":{"start":{"line":20,"column":49},"end":{"line":37,"column":5}},"line":20}},"branchMap":{},"s":{"0":0,"1":0,"2":0},"f":{"0":0,"1":0},"b":{}}
}
