TN:
SF:src/main/resources/static/js/connectorDetails.js
FN:10,addRule
FN:27,deleteRule
FN:39,(anonymous_2)
FN:41,(anonymous_3)
FN:54,sortRules
FN:58,(anonymous_5)
FN:68,(anonymous_6)
FN:69,(anonymous_7)
FN:83,(anonymous_8)
FN:91,(anonymous_9)
FN:94,(anonymous_10)
FN:97,(anonymous_11)
FN:102,(anonymous_12)
FN:104,(anonymous_13)
FN:117,(anonymous_14)
FN:122,(anonymous_15)
FN:127,(anonymous_16)
FN:134,(anonymous_17)
FN:135,(anonymous_18)
FN:149,(anonymous_19)
FN:159,submitConnectorData
FNF:21
FNH:0
FNDA:0,addRule
FNDA:0,deleteRule
FNDA:0,(anonymous_2)
FNDA:0,(anonymous_3)
FNDA:0,sortRules
FNDA:0,(anonymous_5)
FNDA:0,(anonymous_6)
FNDA:0,(anonymous_7)
FNDA:0,(anonymous_8)
FNDA:0,(anonymous_9)
FNDA:0,(anonymous_10)
FNDA:0,(anonymous_11)
FNDA:0,(anonymous_12)
FNDA:0,(anonymous_13)
FNDA:0,(anonymous_14)
FNDA:0,(anonymous_15)
FNDA:0,(anonymous_16)
FNDA:0,(anonymous_17)
FNDA:0,(anonymous_18)
FNDA:0,(anonymous_19)
FNDA:0,submitConnectorData
DA:11,0
DA:12,0
DA:13,0
DA:14,0
DA:29,0
DA:30,0
DA:33,0
DA:34,0
DA:35,0
DA:36,0
DA:37,0
DA:38,0
DA:39,0
DA:40,0
DA:41,0
DA:42,0
DA:43,0
DA:44,0
DA:46,0
DA:47,0
DA:49,0
DA:55,0
DA:56,0
DA:58,0
DA:60,0
DA:63,0
DA:68,0
DA:69,0
DA:70,0
DA:71,0
DA:73,0
DA:74,0
DA:77,0
DA:78,0
DA:80,0
DA:83,0
DA:84,0
DA:85,0
DA:86,0
DA:89,0
DA:92,0
DA:95,0
DA:96,0
DA:97,0
DA:98,0
DA:100,0
DA:103,0
DA:104,0
DA:105,0
DA:107,0
DA:111,0
DA:112,0
DA:115,0
DA:117,0
DA:123,0
DA:124,0
DA:125,0
DA:128,0
DA:129,0
DA:130,0
DA:134,0
DA:135,0
DA:136,0
DA:137,0
DA:138,0
DA:139,0
DA:140,0
DA:142,0
DA:143,0
DA:149,0
DA:150,0
DA:160,0
LF:72
LH:0
BRDA:29,0,0,0
BRDA:29,0,1,0
BRDA:29,1,0,0
BRDA:29,1,1,0
BRDA:36,2,0,0
BRDA:36,2,1,0
BRDA:60,3,0,0
BRDA:60,3,1,0
BRDA:73,4,0,0
BRDA:73,4,1,0
BRDA:142,5,0,0
BRDA:142,5,1,0
BRF:12
BRH:0
end_of_record
TN:
SF:src/main/resources/static/js/connectorsList.js
FN:7,deleteConnector
FN:16,(anonymous_1)
FN:28,(anonymous_2)
FN:29,(anonymous_3)
FNF:4
FNH:0
FNDA:0,deleteConnector
FNDA:0,(anonymous_1)
FNDA:0,(anonymous_2)
FNDA:0,(anonymous_3)
DA:9,0
DA:10,0
DA:13,0
DA:14,0
DA:15,0
DA:16,0
DA:17,0
DA:18,0
DA:19,0
DA:21,0
DA:28,0
DA:29,0
DA:30,0
DA:31,0
DA:33,0
DA:34,0
DA:37,0
DA:39,0
DA:40,0
DA:43,0
LF:20
LH:0
BRDA:9,0,0,0
BRDA:9,0,1,0
BRDA:9,1,0,0
BRDA:9,1,1,0
BRDA:9,1,2,0
BRDA:9,1,3,0
BRDA:33,2,0,0
BRDA:33,2,1,0
BRDA:39,3,0,0
BRDA:39,3,1,0
BRF:10
BRH:0
end_of_record
TN:
SF:src/main/resources/static/js/extract.js
FN:8,(anonymous_0)
FN:29,escapeStringForHtml
FN:38,(anonymous_2)
FN:53,showAlert
FN:73,showConfirm
FN:87,_centerModal
FN:107,_hideAlertModal
FN:139,_showAlertModal
FN:157,(anonymous_8)
FN:170,(anonymous_9)
FN:183,(anonymous_10)
FNF:11
FNH:0
FNDA:0,(anonymous_0)
FNDA:0,escapeStringForHtml
FNDA:0,(anonymous_2)
FNDA:0,showAlert
FNDA:0,showConfirm
FNDA:0,_centerModal
FNDA:0,_hideAlertModal
FNDA:0,_showAlertModal
FNDA:0,(anonymous_8)
FNDA:0,(anonymous_9)
FNDA:0,(anonymous_10)
DA:8,0
DA:9,0
DA:10,0
DA:11,0
DA:12,0
DA:13,0
DA:14,0
DA:15,0
DA:16,0
DA:30,0
DA:38,0
DA:54,0
DA:74,0
DA:88,0
DA:90,0
DA:91,0
DA:94,0
DA:95,0
DA:96,0
DA:108,0
DA:109,0
DA:111,0
DA:112,0
DA:113,0
DA:116,0
DA:117,0
DA:118,0
DA:141,0
DA:142,0
DA:145,0
DA:146,0
DA:148,0
DA:150,0
DA:152,0
DA:153,0
DA:156,0
DA:157,0
DA:158,0
DA:160,0
DA:161,0
DA:166,0
DA:167,0
DA:170,0
DA:171,0
DA:173,0
DA:174,0
DA:178,0
DA:179,0
DA:183,0
DA:184,0
DA:188,0
LF:51
LH:0
BRDA:90,0,0,0
BRDA:90,0,1,0
BRDA:90,1,0,0
BRDA:90,1,1,0
BRDA:111,2,0,0
BRDA:111,2,1,0
BRDA:141,3,0,0
BRDA:141,3,1,0
BRDA:141,4,0,0
BRDA:141,4,1,0
BRDA:150,5,0,0
BRDA:150,5,1,0
BRDA:152,6,0,0
BRDA:152,6,1,0
BRDA:160,7,0,0
BRDA:160,7,1,0
BRDA:173,8,0,0
BRDA:173,8,1,0
BRDA:178,9,0,0
BRDA:178,9,1,0
BRF:20
BRH:0
end_of_record
TN:
SF:src/main/resources/static/js/parameters.js
FN:9,submitParametersData
FN:16,loadTimePickers
FN:26,addOrchestratorTimeRange
FN:31,removeOrchestratorTimeRange
FN:36,updateSynchroFieldsDisplay
FN:61,hideSynchroFields
FN:65,hideLdapFields
FN:70,showLdapFields
FN:82,showSynchroFields
FN:86,startSynchro
FN:91,testLdap
FN:96,(anonymous_11)
FNF:12
FNH:0
FNDA:0,submitParametersData
FNDA:0,loadTimePickers
FNDA:0,addOrchestratorTimeRange
FNDA:0,removeOrchestratorTimeRange
FNDA:0,updateSynchroFieldsDisplay
FNDA:0,hideSynchroFields
FNDA:0,hideLdapFields
FNDA:0,showLdapFields
FNDA:0,showSynchroFields
FNDA:0,startSynchro
FNDA:0,testLdap
FNDA:0,(anonymous_11)
DA:10,0
DA:11,0
DA:17,0
DA:27,0
DA:28,0
DA:32,0
DA:33,0
DA:38,0
DA:39,0
DA:41,0
DA:42,0
DA:45,0
DA:50,0
DA:51,0
DA:54,0
DA:57,0
DA:62,0
DA:66,0
DA:71,0
DA:73,0
DA:74,0
DA:77,0
DA:83,0
DA:87,0
DA:88,0
DA:92,0
DA:93,0
DA:96,0
DA:97,0
DA:102,0
DA:104,0
DA:105,0
DA:107,0
DA:108,0
DA:109,0
DA:112,0
LF:36
LH:0
BRDA:38,0,0,0
BRDA:38,0,1,0
BRDA:41,1,0,0
BRDA:41,1,1,0
BRDA:50,2,0,0
BRDA:50,2,1,0
BRDA:73,3,0,0
BRDA:73,3,1,0
BRDA:104,4,0,0
BRDA:104,4,1,0
BRF:10
BRH:0
end_of_record
TN:
SF:src/main/resources/static/js/polyfills.js
FN:19,(anonymous_0)
FNF:1
FNH:0
FNDA:0,(anonymous_0)
DA:18,0
DA:19,0
DA:21,0
DA:22,0
DA:23,0
DA:24,0
DA:25,0
DA:26,0
DA:27,0
DA:28,0
DA:29,0
DA:30,0
DA:31,0
DA:32,0
DA:33,0
DA:38,0
DA:39,0
DA:40,0
DA:41,0
DA:42,0
DA:44,0
LF:21
LH:0
BRDA:18,0,0,0
BRDA:18,0,1,0
BRDA:21,1,0,0
BRDA:21,1,1,0
BRDA:25,2,0,0
BRDA:25,2,1,0
BRDA:27,3,0,0
BRDA:27,3,1,0
BRDA:29,4,0,0
BRDA:29,4,1,0
BRDA:32,5,0,0
BRDA:32,5,1,0
BRDA:32,6,0,0
BRDA:32,6,1,0
BRDA:38,7,0,0
BRDA:38,7,1,0
BRF:16
BRH:0
end_of_record
TN:
SF:src/main/resources/static/js/processDetails.js
FN:23,submitProcessData
FN:27,(anonymous_1)
FN:28,(anonymous_2)
FN:30,(anonymous_3)
FN:31,(anonymous_4)
FN:33,(anonymous_5)
FN:42,(anonymous_6)
FN:49,deleteTask
FN:58,(anonymous_8)
FN:60,(anonymous_9)
FN:71,(anonymous_10)
FN:81,formatUserItem
FN:102,(anonymous_12)
FN:103,(anonymous_13)
FN:107,(anonymous_14)
FN:139,(anonymous_15)
FN:144,(anonymous_16)
FN:149,(anonymous_17)
FN:156,(anonymous_18)
FN:157,(anonymous_19)
FN:171,(anonymous_20)
FN:185,(anonymous_21)
FN:189,(anonymous_22)
FN:192,(anonymous_23)
FN:198,(anonymous_24)
FN:202,(anonymous_25)
FN:221,(anonymous_26)
FN:229,(anonymous_27)
FNF:28
FNH:0
FNDA:0,submitProcessData
FNDA:0,(anonymous_1)
FNDA:0,(anonymous_2)
FNDA:0,(anonymous_3)
FNDA:0,(anonymous_4)
FNDA:0,(anonymous_5)
FNDA:0,(anonymous_6)
FNDA:0,deleteTask
FNDA:0,(anonymous_8)
FNDA:0,(anonymous_9)
FNDA:0,(anonymous_10)
FNDA:0,formatUserItem
FNDA:0,(anonymous_12)
FNDA:0,(anonymous_13)
FNDA:0,(anonymous_14)
FNDA:0,(anonymous_15)
FNDA:0,(anonymous_16)
FNDA:0,(anonymous_17)
FNDA:0,(anonymous_18)
FNDA:0,(anonymous_19)
FNDA:0,(anonymous_20)
FNDA:0,(anonymous_21)
FNDA:0,(anonymous_22)
FNDA:0,(anonymous_23)
FNDA:0,(anonymous_24)
FNDA:0,(anonymous_25)
FNDA:0,(anonymous_26)
FNDA:0,(anonymous_27)
DA:25,0
DA:26,0
DA:27,0
DA:28,0
DA:29,0
DA:30,0
DA:31,0
DA:33,0
DA:34,0
DA:35,0
DA:36,0
DA:37,0
DA:38,0
DA:42,0
DA:43,0
DA:46,0
DA:51,0
DA:52,0
DA:55,0
DA:56,0
DA:57,0
DA:58,0
DA:59,0
DA:60,0
DA:61,0
DA:63,0
DA:64,0
DA:65,0
DA:66,0
DA:68,0
DA:71,0
DA:73,0
DA:75,0
DA:76,0
DA:77,0
DA:78,0
DA:83,0
DA:84,0
DA:87,0
DA:88,0
DA:91,0
DA:95,0
DA:102,0
DA:103,0
DA:104,0
DA:105,0
DA:107,0
DA:108,0
DA:109,0
DA:110,0
DA:111,0
DA:112,0
DA:123,0
DA:139,0
DA:145,0
DA:146,0
DA:147,0
DA:150,0
DA:151,0
DA:152,0
DA:156,0
DA:157,0
DA:158,0
DA:159,0
DA:160,0
DA:161,0
DA:162,0
DA:164,0
DA:165,0
DA:166,0
DA:171,0
DA:172,0
DA:175,0
DA:177,0
DA:186,0
DA:187,0
DA:193,0
DA:194,0
DA:199,0
DA:200,0
DA:202,0
DA:204,0
DA:205,0
DA:206,0
DA:208,0
DA:213,0
DA:217,0
DA:223,0
DA:224,0
DA:225,0
DA:229,0
DA:230,0
DA:231,0
DA:233,0
DA:234,0
DA:237,0
DA:239,0
LF:97
LH:0
BRDA:51,0,0,0
BRDA:51,0,1,0
BRDA:51,1,0,0
BRDA:51,1,1,0
BRDA:76,2,0,0
BRDA:76,2,1,0
BRDA:76,3,0,0
BRDA:76,3,1,0
BRDA:83,4,0,0
BRDA:83,4,1,0
BRDA:87,5,0,0
BRDA:87,5,1,0
BRDA:164,6,0,0
BRDA:164,6,1,0
BRDA:175,7,0,0
BRDA:175,7,1,0
BRDA:205,8,0,0
BRDA:205,8,1,0
BRDA:233,9,0,0
BRDA:233,9,1,0
BRDA:233,10,0,0
BRDA:233,10,1,0
BRF:22
BRH:0
end_of_record
TN:
SF:src/main/resources/static/js/processesList.js
FN:26,cloneProcess
FN:40,deleteProcess
FN:55,_executeAction
FN:63,(anonymous_3)
FN:82,_handleButtonClick
FN:108,(anonymous_5)
FN:109,(anonymous_6)
FN:113,(anonymous_7)
FNF:8
FNH:0
FNDA:0,cloneProcess
FNDA:0,deleteProcess
FNDA:0,_executeAction
FNDA:0,(anonymous_3)
FNDA:0,_handleButtonClick
FNDA:0,(anonymous_5)
FNDA:0,(anonymous_6)
FNDA:0,(anonymous_7)
DA:27,0
DA:28,0
DA:41,0
DA:57,0
DA:58,0
DA:61,0
DA:62,0
DA:63,0
DA:64,0
DA:65,0
DA:66,0
DA:67,0
DA:70,0
DA:83,0
DA:84,0
DA:86,0
DA:87,0
DA:90,0
DA:92,0
DA:93,0
DA:96,0
DA:98,0
DA:99,0
DA:102,0
DA:108,0
DA:109,0
DA:110,0
DA:113,0
DA:114,0
LF:29
LH:0
BRDA:57,0,0,0
BRDA:57,0,1,0
BRDA:57,1,0,0
BRDA:57,1,1,0
BRDA:57,1,2,0
BRDA:57,1,3,0
BRDA:86,2,0,0
BRDA:86,2,1,0
BRDA:86,3,0,0
BRDA:86,3,1,0
BRDA:92,4,0,0
BRDA:92,4,1,0
BRDA:98,5,0,0
BRDA:98,5,1,0
BRF:14
BRH:0
end_of_record
TN:
SF:src/main/resources/static/js/register2fa.js
FN:1,cancel2faRegistration
FN:7,(anonymous_1)
FN:8,(anonymous_2)
FNF:3
FNH:0
FNDA:0,cancel2faRegistration
FNDA:0,(anonymous_1)
FNDA:0,(anonymous_2)
DA:2,0
DA:3,0
DA:4,0
DA:7,0
DA:8,0
DA:9,0
LF:6
LH:0
BRF:0
BRH:0
end_of_record
TN:
SF:src/main/resources/static/js/remarkDetails.js
FN:21,submitRemarkData
FNF:1
FNH:0
FNDA:0,submitRemarkData
DA:23,0
LF:1
LH:0
BRF:0
BRH:0
end_of_record
TN:
SF:src/main/resources/static/js/remarksList.js
FN:24,deleteUser
FN:33,(anonymous_1)
FN:46,(anonymous_2)
FN:47,(anonymous_3)
FNF:4
FNH:0
FNDA:0,deleteUser
FNDA:0,(anonymous_1)
FNDA:0,(anonymous_2)
FNDA:0,(anonymous_3)
DA:26,0
DA:27,0
DA:30,0
DA:31,0
DA:32,0
DA:33,0
DA:34,0
DA:35,0
DA:36,0
DA:39,0
DA:46,0
DA:47,0
DA:48,0
DA:49,0
DA:51,0
DA:52,0
DA:55,0
DA:57,0
DA:58,0
DA:61,0
LF:20
LH:0
BRDA:26,0,0,0
BRDA:26,0,1,0
BRDA:26,1,0,0
BRDA:26,1,1,0
BRDA:26,1,2,0
BRDA:26,1,3,0
BRDA:51,2,0,0
BRDA:51,2,1,0
BRDA:57,3,0,0
BRDA:57,3,1,0
BRF:10
BRH:0
end_of_record
TN:
SF:src/main/resources/static/js/requestsList.js
FN:23,addSortAndSearchInfo
FN:33,defineRowClick
FN:34,(anonymous_2)
FN:37,(anonymous_3)
FN:39,(anonymous_4)
FN:55,loadConnectors
FN:81,(anonymous_6)
FN:93,loadDatepickers
FN:118,loadRequestsTable
FN:127,(anonymous_9)
FN:133,(anonymous_10)
FN:148,(anonymous_11)
FN:151,(anonymous_12)
FN:158,(anonymous_13)
FN:172,_showAjaxErrorNotification
FN:203,(anonymous_15)
FN:213,_clearAjaxErrorNotification
FN:215,(anonymous_17)
FN:228,loadWorkingState
FN:268,(anonymous_19)
FN:279,updateFilterValues
FN:295,viewRequestDetails
FN:368,_addSearchInfo
FN:380,_addSortInfo
FN:427,_createConnectorsDropDown
FN:476,_getRequestUrlForRow
FN:487,_getRequestsTableColumnsConfiguration
FN:497,(anonymous_27)
FN:531,(anonymous_28)
FN:535,(anonymous_29)
FN:545,(anonymous_30)
FN:550,(anonymous_31)
FN:562,(anonymous_32)
FN:578,(anonymous_33)
FN:602,_getRequestsTableConfiguration
FN:634,_getSortDirection
FN:652,_getTimestampStringSortValue
FN:673,_pulseConnectorError
FN:688,_refreshConnectorsState
FN:697,(anonymous_39)
FN:714,(anonymous_40)
FN:740,_refreshWorkingState
FN:748,(anonymous_42)
FN:751,(anonymous_43)
FN:771,_updateConnectorsState
FN:800,(anonymous_45)
FN:806,(anonymous_46)
FNF:47
FNH:0
FNDA:0,addSortAndSearchInfo
FNDA:0,defineRowClick
FNDA:0,(anonymous_2)
FNDA:0,(anonymous_3)
FNDA:0,(anonymous_4)
FNDA:0,loadConnectors
FNDA:0,(anonymous_6)
FNDA:0,loadDatepickers
FNDA:0,loadRequestsTable
FNDA:0,(anonymous_9)
FNDA:0,(anonymous_10)
FNDA:0,(anonymous_11)
FNDA:0,(anonymous_12)
FNDA:0,(anonymous_13)
FNDA:0,_showAjaxErrorNotification
FNDA:0,(anonymous_15)
FNDA:0,_clearAjaxErrorNotification
FNDA:0,(anonymous_17)
FNDA:0,loadWorkingState
FNDA:0,(anonymous_19)
FNDA:0,updateFilterValues
FNDA:0,viewRequestDetails
FNDA:0,_addSearchInfo
FNDA:0,_addSortInfo
FNDA:0,_createConnectorsDropDown
FNDA:0,_getRequestUrlForRow
FNDA:0,_getRequestsTableColumnsConfiguration
FNDA:0,(anonymous_27)
FNDA:0,(anonymous_28)
FNDA:0,(anonymous_29)
FNDA:0,(anonymous_30)
FNDA:0,(anonymous_31)
FNDA:0,(anonymous_32)
FNDA:0,(anonymous_33)
FNDA:0,_getRequestsTableConfiguration
FNDA:0,_getSortDirection
FNDA:0,_getTimestampStringSortValue
FNDA:0,_pulseConnectorError
FNDA:0,_refreshConnectorsState
FNDA:0,(anonymous_39)
FNDA:0,(anonymous_40)
FNDA:0,_refreshWorkingState
FNDA:0,(anonymous_42)
FNDA:0,(anonymous_43)
FNDA:0,_updateConnectorsState
FNDA:0,(anonymous_45)
FNDA:0,(anonymous_46)
DA:18,0
DA:19,0
DA:21,0
DA:24,0
DA:25,0
DA:34,0
DA:35,0
DA:37,0
DA:38,0
DA:39,0
DA:40,0
DA:57,0
DA:58,0
DA:61,0
DA:63,0
DA:64,0
DA:67,0
DA:68,0
DA:71,0
DA:73,0
DA:74,0
DA:77,0
DA:78,0
DA:80,0
DA:81,0
DA:82,0
DA:95,0
DA:122,0
DA:124,0
DA:127,0
DA:128,0
DA:129,0
DA:133,0
DA:134,0
DA:135,0
DA:139,0
DA:141,0
DA:143,0
DA:144,0
DA:147,0
DA:149,0
DA:152,0
DA:155,0
DA:157,0
DA:158,0
DA:159,0
DA:163,0
DA:175,0
DA:176,0
DA:180,0
DA:183,0
DA:184,0
DA:187,0
DA:188,0
DA:189,0
DA:193,0
DA:199,0
DA:200,0
DA:203,0
DA:204,0
DA:214,0
DA:215,0
DA:216,0
DA:218,0
DA:230,0
DA:231,0
DA:234,0
DA:236,0
DA:237,0
DA:240,0
DA:241,0
DA:244,0
DA:246,0
DA:247,0
DA:250,0
DA:252,0
DA:253,0
DA:256,0
DA:258,0
DA:259,0
DA:262,0
DA:263,0
DA:264,0
DA:265,0
DA:267,0
DA:268,0
DA:269,0
DA:280,0
DA:281,0
DA:282,0
DA:283,0
DA:284,0
DA:297,0
DA:298,0
DA:299,0
DA:302,0
DA:328,0
DA:336,0
DA:344,0
DA:351,0
DA:358,0
DA:369,0
DA:370,0
DA:371,0
DA:372,0
DA:373,0
DA:375,0
DA:381,0
DA:382,0
DA:384,0
DA:387,0
DA:388,0
DA:389,0
DA:392,0
DA:393,0
DA:394,0
DA:397,0
DA:398,0
DA:399,0
DA:402,0
DA:403,0
DA:404,0
DA:407,0
DA:408,0
DA:409,0
DA:412,0
DA:413,0
DA:416,0
DA:429,0
DA:430,0
DA:433,0
DA:434,0
DA:435,0
DA:436,0
DA:437,0
DA:439,0
DA:440,0
DA:443,0
DA:444,0
DA:445,0
DA:446,0
DA:447,0
DA:448,0
DA:450,0
DA:452,0
DA:453,0
DA:454,0
DA:455,0
DA:456,0
DA:457,0
DA:458,0
DA:459,0
DA:460,0
DA:463,0
DA:464,0
DA:465,0
DA:477,0
DA:488,0
DA:500,0
DA:502,0
DA:503,0
DA:506,0
DA:507,0
DA:510,0
DA:511,0
DA:514,0
DA:515,0
DA:518,0
DA:519,0
DA:522,0
DA:532,0
DA:536,0
DA:546,0
DA:551,0
DA:563,0
DA:565,0
DA:566,0
DA:569,0
DA:579,0
DA:604,0
DA:605,0
DA:606,0
DA:607,0
DA:608,0
DA:609,0
DA:611,0
DA:612,0
DA:615,0
DA:620,0
DA:622,0
DA:635,0
DA:637,0
DA:638,0
DA:641,0
DA:654,0
DA:655,0
DA:658,0
DA:659,0
DA:661,0
DA:662,0
DA:665,0
DA:674,0
DA:690,0
DA:691,0
DA:694,0
DA:699,0
DA:700,0
DA:702,0
DA:703,0
DA:704,0
DA:705,0
DA:708,0
DA:710,0
DA:711,0
DA:716,0
DA:717,0
DA:718,0
DA:719,0
DA:720,0
DA:723,0
DA:724,0
DA:725,0
DA:726,0
DA:729,0
DA:730,0
DA:742,0
DA:743,0
DA:746,0
DA:749,0
DA:753,0
DA:754,0
DA:757,0
DA:758,0
DA:759,0
DA:773,0
DA:774,0
DA:777,0
DA:779,0
DA:780,0
DA:782,0
DA:783,0
DA:785,0
DA:786,0
DA:788,0
DA:792,0
DA:793,0
DA:800,0
DA:801,0
DA:805,0
DA:806,0
DA:807,0
LF:251
LH:0
BRDA:57,0,0,0
BRDA:57,0,1,0
BRDA:63,1,0,0
BRDA:63,1,1,0
BRDA:63,2,0,0
BRDA:63,2,1,0
BRDA:67,3,0,0
BRDA:67,3,1,0
BRDA:73,4,0,0
BRDA:73,4,1,0
BRDA:134,5,0,0
BRDA:134,5,1,0
BRDA:134,6,0,0
BRDA:134,6,1,0
BRDA:143,7,0,0
BRDA:143,7,1,0
BRDA:157,8,0,0
BRDA:157,8,1,0
BRDA:175,9,0,0
BRDA:175,9,1,0
BRDA:175,10,0,0
BRDA:175,10,1,0
BRDA:187,11,0,0
BRDA:187,11,1,0
BRDA:187,12,0,0
BRDA:187,12,1,0
BRDA:187,12,2,0
BRDA:187,12,3,0
BRDA:188,13,0,0
BRDA:188,13,1,0
BRDA:189,14,0,0
BRDA:189,14,1,0
BRDA:214,15,0,0
BRDA:214,15,1,0
BRDA:230,16,0,0
BRDA:230,16,1,0
BRDA:236,17,0,0
BRDA:236,17,1,0
BRDA:236,18,0,0
BRDA:236,18,1,0
BRDA:240,19,0,0
BRDA:240,19,1,0
BRDA:240,20,0,0
BRDA:240,20,1,0
BRDA:246,21,0,0
BRDA:246,21,1,0
BRDA:252,22,0,0
BRDA:252,22,1,0
BRDA:258,23,0,0
BRDA:258,23,1,0
BRDA:283,24,0,0
BRDA:283,24,1,0
BRDA:284,25,0,0
BRDA:284,25,1,0
BRDA:297,26,0,0
BRDA:297,26,1,0
BRDA:384,27,0,0
BRDA:384,27,1,0
BRDA:384,27,2,0
BRDA:384,27,3,0
BRDA:384,27,4,0
BRDA:384,27,5,0
BRDA:429,28,0,0
BRDA:429,28,1,0
BRDA:429,29,0,0
BRDA:429,29,1,0
BRDA:435,30,0,0
BRDA:435,30,1,0
BRDA:437,31,0,0
BRDA:437,31,1,0
BRDA:439,32,0,0
BRDA:439,32,1,0
BRDA:457,33,0,0
BRDA:457,33,1,0
BRDA:477,34,0,0
BRDA:477,34,1,0
BRDA:500,35,0,0
BRDA:500,35,1,0
BRDA:500,35,2,0
BRDA:500,35,3,0
BRDA:500,35,4,0
BRDA:565,36,0,0
BRDA:565,36,1,0
BRDA:611,37,0,0
BRDA:611,37,1,0
BRDA:611,38,0,0
BRDA:611,38,1,0
BRDA:637,39,0,0
BRDA:637,39,1,0
BRDA:641,40,0,0
BRDA:641,40,1,0
BRDA:654,41,0,0
BRDA:654,41,1,0
BRDA:654,42,0,0
BRDA:654,42,1,0
BRDA:661,43,0,0
BRDA:661,43,1,0
BRDA:690,44,0,0
BRDA:690,44,1,0
BRDA:690,45,0,0
BRDA:690,45,1,0
BRDA:699,46,0,0
BRDA:699,46,1,0
BRDA:699,47,0,0
BRDA:699,47,1,0
BRDA:699,47,2,0
BRDA:699,47,3,0
BRDA:702,48,0,0
BRDA:702,48,1,0
BRDA:702,49,0,0
BRDA:702,49,1,0
BRDA:716,50,0,0
BRDA:716,50,1,0
BRDA:717,51,0,0
BRDA:717,51,1,0
BRDA:723,52,0,0
BRDA:723,52,1,0
BRDA:723,53,0,0
BRDA:723,53,1,0
BRDA:742,54,0,0
BRDA:742,54,1,0
BRDA:742,55,0,0
BRDA:742,55,1,0
BRDA:742,55,2,0
BRDA:742,55,3,0
BRDA:753,56,0,0
BRDA:753,56,1,0
BRDA:773,57,0,0
BRDA:773,57,1,0
BRDA:773,58,0,0
BRDA:773,58,1,0
BRDA:785,59,0,0
BRDA:785,59,1,0
BRF:133
BRH:0
end_of_record
TN:
SF:src/main/resources/static/js/userDetails.js
FN:9,submitUserData
FN:13,_submitAction
FN:15,(anonymous_2)
FN:22,submitUserMigrate
FN:26,submitDisable2fa
FN:30,submitEnable2fa
FN:34,submitReset2fa
FN:38,processProfileChange
FNF:8
FNH:0
FNDA:0,submitUserData
FNDA:0,_submitAction
FNDA:0,(anonymous_2)
FNDA:0,submitUserMigrate
FNDA:0,submitDisable2fa
FNDA:0,submitEnable2fa
FNDA:0,submitReset2fa
FNDA:0,processProfileChange
DA:10,0
DA:14,0
DA:15,0
DA:16,0
DA:17,0
DA:19,0
DA:23,0
DA:27,0
DA:31,0
DA:35,0
DA:39,0
LF:11
LH:0
BRF:0
BRH:0
end_of_record
TN:
SF:src/main/resources/static/js/userGroupDetails.js
FN:9,submitUserGroupData
FN:15,(anonymous_1)
FNF:2
FNH:0
FNDA:0,submitUserGroupData
FNDA:0,(anonymous_1)
DA:10,0
DA:11,0
DA:12,0
DA:15,0
DA:17,0
DA:19,0
DA:23,0
DA:24,0
DA:25,0
LF:9
LH:0
BRF:0
BRH:0
end_of_record
TN:
SF:src/main/resources/static/js/userGroupsList.js
FN:25,deleteUserGroup
FN:34,(anonymous_1)
FN:47,(anonymous_2)
FN:48,(anonymous_3)
FNF:4
FNH:0
FNDA:0,deleteUserGroup
FNDA:0,(anonymous_1)
FNDA:0,(anonymous_2)
FNDA:0,(anonymous_3)
DA:27,0
DA:28,0
DA:31,0
DA:32,0
DA:33,0
DA:34,0
DA:35,0
DA:36,0
DA:37,0
DA:40,0
DA:47,0
DA:48,0
DA:49,0
DA:50,0
DA:52,0
DA:53,0
DA:56,0
DA:58,0
DA:59,0
DA:62,0
LF:20
LH:0
BRDA:27,0,0,0
BRDA:27,0,1,0
BRDA:27,1,0,0
BRDA:27,1,1,0
BRDA:27,1,2,0
BRDA:27,1,3,0
BRDA:52,2,0,0
BRDA:52,2,1,0
BRDA:58,3,0,0
BRDA:58,3,1,0
BRF:10
BRH:0
end_of_record
TN:
SF:src/main/resources/static/js/usersList.js
FN:25,deleteUser
FN:34,(anonymous_1)
FN:47,(anonymous_2)
FN:48,(anonymous_3)
FNF:4
FNH:0
FNDA:0,deleteUser
FNDA:0,(anonymous_1)
FNDA:0,(anonymous_2)
FNDA:0,(anonymous_3)
DA:27,0
DA:28,0
DA:31,0
DA:32,0
DA:33,0
DA:34,0
DA:35,0
DA:36,0
DA:37,0
DA:40,0
DA:47,0
DA:48,0
DA:49,0
DA:50,0
DA:52,0
DA:53,0
DA:56,0
DA:58,0
DA:59,0
DA:62,0
LF:20
LH:0
BRDA:27,0,0,0
BRDA:27,0,1,0
BRDA:27,1,0,0
BRDA:27,1,1,0
BRDA:27,1,2,0
BRDA:27,1,3,0
BRDA:52,2,0,0
BRDA:52,2,1,0
BRDA:58,3,0,0
BRDA:58,3,1,0
BRF:10
BRH:0
end_of_record
TN:
SF:src/main/resources/static/js/requestMap/map.js
FN:18,initializeMap
FN:20,(anonymous_1)
FNF:2
FNH:0
FNDA:0,initializeMap
FNDA:0,(anonymous_1)
DA:20,0
DA:21,0
DA:26,0
LF:3
LH:0
BRF:0
BRH:0
end_of_record
